[2020-11-18 13:09:29] main.ERROR: Could not validate a connection to Elasticsearch. No alive nodes found in your cluster
#0 /var/www/public/setup/src/Magento/Setup/Model/SearchConfig.php(69): Magento\Setup\Model\SearchConfig->validateSearchEngine()
#1 /var/www/public/setup/src/Magento/Setup/Model/Installer.php(1122): Magento\Setup\Model\SearchConfig->saveConfiguration(Array)
#2 [internal function]: Magento\Setup\Model\Installer->installSearchConfiguration(Array)
#3 /var/www/public/setup/src/Magento/Setup/Model/Installer.php(372): call_user_func_array(Array, Array)
#4 /var/www/public/setup/src/Magento/Setup/Console/Command/InstallCommand.php(231): Magento\Setup\Model\Installer->install(Array)
#5 /var/www/public/vendor/symfony/console/Command/Command.php(255): Magento\Setup\Console\Command\InstallCommand->execute(Object(Symfony\Component\Console\Input\ArgvInput), Object(Symfony\Component\Console\Output\ConsoleOutput))
#6 /var/www/public/vendor/symfony/console/Application.php(1009): Symfony\Component\Console\Command\Command->run(Object(Symfony\Component\Console\Input\ArgvInput), Object(Symfony\Component\Console\Output\ConsoleOutput))
#7 /var/www/public/vendor/symfony/console/Application.php(273): Symfony\Component\Console\Application->doRunCommand(Object(Magento\Setup\Console\Command\InstallCommand), Object(Symfony\Component\Console\Input\ArgvInput), Object(Symfony\Component\Console\Output\ConsoleOutput))
#8 /var/www/public/vendor/magento/framework/Console/Cli.php(115): Symfony\Component\Console\Application->doRun(Object(Symfony\Component\Console\Input\ArgvInput), Object(Symfony\Component\Console\Output\ConsoleOutput))
#9 /var/www/public/vendor/symfony/console/Application.php(149): Magento\Framework\Console\Cli->doRun(Object(Symfony\Component\Console\Input\ArgvInput), Object(Symfony\Component\Console\Output\ConsoleOutput))
#10 /var/www/public/bin/magento(23): Symfony\Component\Console\Application->run()
#11 {main} [] []
[2020-11-18 13:10:20] main.ERROR: There are no commands defined in the "config" namespace.

Did you mean one of these?
    app:config
    module:config
    setup:config
    setup:store-config
#0 /var/www/public/vendor/symfony/console/Application.php(657): Symfony\Component\Console\Application->findNamespace('config')
#1 /var/www/public/vendor/symfony/console/Application.php(237): Symfony\Component\Console\Application->find('config:set')
#2 /var/www/public/vendor/magento/framework/Console/Cli.php(115): Symfony\Component\Console\Application->doRun(Object(Symfony\Component\Console\Input\ArgvInput), Object(Symfony\Component\Console\Output\ConsoleOutput))
#3 /var/www/public/vendor/symfony/console/Application.php(149): Magento\Framework\Console\Cli->doRun(Object(Symfony\Component\Console\Input\ArgvInput), Object(Symfony\Component\Console\Output\ConsoleOutput))
#4 /var/www/public/bin/magento(23): Symfony\Component\Console\Application->run()
#5 {main} [] []
[2020-11-18 13:10:36] main.ERROR: There are no commands defined in the "config" namespace.

Did you mean one of these?
    app:config
    module:config
    setup:config
    setup:store-config
#0 /var/www/public/vendor/symfony/console/Application.php(657): Symfony\Component\Console\Application->findNamespace('config')
#1 /var/www/public/vendor/symfony/console/Application.php(237): Symfony\Component\Console\Application->find('config:set')
#2 /var/www/public/vendor/magento/framework/Console/Cli.php(115): Symfony\Component\Console\Application->doRun(Object(Symfony\Component\Console\Input\ArgvInput), Object(Symfony\Component\Console\Output\ConsoleOutput))
#3 /var/www/public/vendor/symfony/console/Application.php(149): Magento\Framework\Console\Cli->doRun(Object(Symfony\Component\Console\Input\ArgvInput), Object(Symfony\Component\Console\Output\ConsoleOutput))
#4 /var/www/public/bin/magento(23): Symfony\Component\Console\Application->run()
#5 {main} [] []
[2020-11-18 13:10:49] main.ERROR: There are no commands defined in the "cache" namespace.
#0 /var/www/public/vendor/symfony/console/Application.php(657): Symfony\Component\Console\Application->findNamespace('cache')
#1 /var/www/public/vendor/symfony/console/Application.php(237): Symfony\Component\Console\Application->find('cache:enable')
#2 /var/www/public/vendor/magento/framework/Console/Cli.php(115): Symfony\Component\Console\Application->doRun(Object(Symfony\Component\Console\Input\ArgvInput), Object(Symfony\Component\Console\Output\ConsoleOutput))
#3 /var/www/public/vendor/symfony/console/Application.php(149): Magento\Framework\Console\Cli->doRun(Object(Symfony\Component\Console\Input\ArgvInput), Object(Symfony\Component\Console\Output\ConsoleOutput))
#4 /var/www/public/bin/magento(23): Symfony\Component\Console\Application->run()
#5 {main} [] []
[2020-11-18 13:11:10] main.ERROR: There are no commands defined in the "config" namespace.

Did you mean one of these?
    app:config
    module:config
    setup:config
    setup:store-config
#0 /var/www/public/vendor/symfony/console/Application.php(657): Symfony\Component\Console\Application->findNamespace('config')
#1 /var/www/public/vendor/symfony/console/Application.php(237): Symfony\Component\Console\Application->find('config:set')
#2 /var/www/public/vendor/magento/framework/Console/Cli.php(115): Symfony\Component\Console\Application->doRun(Object(Symfony\Component\Console\Input\ArgvInput), Object(Symfony\Component\Console\Output\ConsoleOutput))
#3 /var/www/public/vendor/symfony/console/Application.php(149): Magento\Framework\Console\Cli->doRun(Object(Symfony\Component\Console\Input\ArgvInput), Object(Symfony\Component\Console\Output\ConsoleOutput))
#4 /var/www/public/bin/magento(23): Symfony\Component\Console\Application->run()
#5 {main} [] []
[2020-11-18 13:11:21] main.ERROR: There are no commands defined in the "config" namespace.

Did you mean one of these?
    app:config
    module:config
    setup:config
    setup:store-config
#0 /var/www/public/vendor/symfony/console/Application.php(657): Symfony\Component\Console\Application->findNamespace('config')
#1 /var/www/public/vendor/symfony/console/Application.php(237): Symfony\Component\Console\Application->find('config:set')
#2 /var/www/public/vendor/magento/framework/Console/Cli.php(115): Symfony\Component\Console\Application->doRun(Object(Symfony\Component\Console\Input\ArgvInput), Object(Symfony\Component\Console\Output\ConsoleOutput))
#3 /var/www/public/vendor/symfony/console/Application.php(149): Magento\Framework\Console\Cli->doRun(Object(Symfony\Component\Console\Input\ArgvInput), Object(Symfony\Component\Console\Output\ConsoleOutput))
#4 /var/www/public/bin/magento(23): Symfony\Component\Console\Application->run()
#5 {main} [] []
[2020-11-18 13:11:32] main.ERROR: There are no commands defined in the "config" namespace.

Did you mean one of these?
    app:config
    module:config
    setup:config
    setup:store-config
#0 /var/www/public/vendor/symfony/console/Application.php(657): Symfony\Component\Console\Application->findNamespace('config')
#1 /var/www/public/vendor/symfony/console/Application.php(237): Symfony\Component\Console\Application->find('config:set')
#2 /var/www/public/vendor/magento/framework/Console/Cli.php(115): Symfony\Component\Console\Application->doRun(Object(Symfony\Component\Console\Input\ArgvInput), Object(Symfony\Component\Console\Output\ConsoleOutput))
#3 /var/www/public/vendor/symfony/console/Application.php(149): Magento\Framework\Console\Cli->doRun(Object(Symfony\Component\Console\Input\ArgvInput), Object(Symfony\Component\Console\Output\ConsoleOutput))
#4 /var/www/public/bin/magento(23): Symfony\Component\Console\Application->run()
#5 {main} [] []
[2020-11-18 13:11:43] main.ERROR: There are no commands defined in the "config" namespace.

Did you mean one of these?
    app:config
    module:config
    setup:config
    setup:store-config
#0 /var/www/public/vendor/symfony/console/Application.php(657): Symfony\Component\Console\Application->findNamespace('config')
#1 /var/www/public/vendor/symfony/console/Application.php(237): Symfony\Component\Console\Application->find('config:set')
#2 /var/www/public/vendor/magento/framework/Console/Cli.php(115): Symfony\Component\Console\Application->doRun(Object(Symfony\Component\Console\Input\ArgvInput), Object(Symfony\Component\Console\Output\ConsoleOutput))
#3 /var/www/public/vendor/symfony/console/Application.php(149): Magento\Framework\Console\Cli->doRun(Object(Symfony\Component\Console\Input\ArgvInput), Object(Symfony\Component\Console\Output\ConsoleOutput))
#4 /var/www/public/bin/magento(23): Symfony\Component\Console\Application->run()
#5 {main} [] []
[2020-11-18 13:12:06] main.ERROR: There are no commands defined in the "deploy:mode" namespace.
#0 /var/www/public/vendor/symfony/console/Application.php(657): Symfony\Component\Console\Application->findNamespace('deploy:mode')
#1 /var/www/public/vendor/symfony/console/Application.php(237): Symfony\Component\Console\Application->find('deploy:mode:set')
#2 /var/www/public/vendor/magento/framework/Console/Cli.php(115): Symfony\Component\Console\Application->doRun(Object(Symfony\Component\Console\Input\ArgvInput), Object(Symfony\Component\Console\Output\ConsoleOutput))
#3 /var/www/public/vendor/symfony/console/Application.php(149): Magento\Framework\Console\Cli->doRun(Object(Symfony\Component\Console\Input\ArgvInput), Object(Symfony\Component\Console\Output\ConsoleOutput))
#4 /var/www/public/bin/magento(23): Symfony\Component\Console\Application->run()
#5 {main} [] []
[2020-11-18 13:12:50] main.DEBUG: cache_invalidate:  {"method":"GET","url":"http:/","invalidateInfo":{"tags":["LAYOUT_GENERAL_CACHE_TAG"],"mode":"matchingTag"}} []
[2020-11-18 13:12:50] main.DEBUG: cache_invalidate:  {"method":"GET","url":"http:/","invalidateInfo":{"tags":["BLOCK_HTML"],"mode":"matchingTag"}} []
[2020-11-18 13:12:50] main.DEBUG: cache_invalidate:  {"method":"GET","url":"http:/","invalidateInfo":{"servers":["[object] (Laminas\\Uri\\Uri: http://varnish:80/)"],"formattedTagsChunk":".*"}} []
[2020-11-18 13:12:50] main.DEBUG: cache_invalidate:  {"method":"GET","url":"http:/","invalidateInfo":{"tags":["FPC"],"mode":"matchingTag"}} []
[2020-11-18 13:13:52] main.ERROR: There are no commands defined in the "cache" namespace.
#0 /var/www/public/vendor/symfony/console/Application.php(657): Symfony\Component\Console\Application->findNamespace('cache')
#1 /var/www/public/vendor/symfony/console/Application.php(237): Symfony\Component\Console\Application->find('cache:flush')
#2 /var/www/public/vendor/magento/framework/Console/Cli.php(115): Symfony\Component\Console\Application->doRun(Object(Symfony\Component\Console\Input\ArgvInput), Object(Symfony\Component\Console\Output\ConsoleOutput))
#3 /var/www/public/vendor/symfony/console/Application.php(149): Magento\Framework\Console\Cli->doRun(Object(Symfony\Component\Console\Input\ArgvInput), Object(Symfony\Component\Console\Output\ConsoleOutput))
#4 /var/www/public/bin/magento(23): Symfony\Component\Console\Application->run()
#5 {main} [] []
[2020-11-18 13:14:32] main.DEBUG: cache_invalidate:  {"method":"GET","url":"http:/","invalidateInfo":{"tags":[],"mode":"all"}} []
[2020-11-18 13:14:32] main.DEBUG: cache_invalidate:  {"method":"GET","url":"http:/","invalidateInfo":{"tags":[],"mode":"all"}} []
[2020-11-18 13:43:56] main.CRITICAL: Can't create directory /var/www/public/generated/code/Magento/Framework/App/Http/.
Class Magento\Framework\App\Http\Interceptor generation error: The requested class did not generate properly, because the 'generated' directory permission is read-only. If --- after running the 'bin/magento setup:di:compile' CLI command when the 'generated' directory permission is set to write --- the requested class did not generate properly, then you must add the generated class object to the signature of the related construct method, only. [] []
[2020-11-18 13:43:56] main.DEBUG: Can't create directory /var/www/public/generated/code/Magento/Framework/App/Http/.
Class Magento\Framework\App\Http\Interceptor generation error: The requested class did not generate properly, because the 'generated' directory permission is read-only. If --- after running the 'bin/magento setup:di:compile' CLI command when the 'generated' directory permission is set to write --- the requested class did not generate properly, then you must add the generated class object to the signature of the related construct method, only. {"exception":"[object] (RuntimeException(code: 0): Can't create directory /var/www/public/generated/code/Magento/Framework/App/Http/.
Class Magento\\Framework\\App\\Http\\Interceptor generation error: The requested class did not generate properly, because the 'generated' directory permission is read-only. If --- after running the 'bin/magento setup:di:compile' CLI command when the 'generated' directory permission is set to write --- the requested class did not generate properly, then you must add the generated class object to the signature of the related construct method, only. at /var/www/public/vendor/magento/framework/Code/Generator.php:139)"} []
[2020-11-18 13:43:56] main.CRITICAL: Class Magento\Framework\App\Http\Interceptor does not exist {"exception":"[object] (ReflectionException(code: -1): Class Magento\\Framework\\App\\Http\\Interceptor does not exist at /var/www/public/vendor/magento/framework/Code/Reader/ClassReader.php:26)"} []
[2020-11-18 13:45:57] main.DEBUG: cache_invalidate:  {"method":"GET","url":"http:/","invalidateInfo":{"tags":[],"mode":"all"}} []
[2020-11-18 13:45:57] main.DEBUG: cache_invalidate:  {"method":"GET","url":"http:/","invalidateInfo":{"tags":[],"mode":"all"}} []
[2020-11-18 13:50:55] main.ERROR: There are no commands defined in the "c" namespace.

Did you mean one of these?
    app:config
    info:backups
    info:currency
    info:dependencies
    maintenance
    module:config
    scandipwa
    scandipwa:theme
    setup:config
    setup:db-schema
    setup:performance
    setup:static-content
    setup:store-config
#0 /var/www/public/vendor/symfony/console/Application.php(657): Symfony\Component\Console\Application->findNamespace('c')
#1 /var/www/public/vendor/symfony/console/Application.php(237): Symfony\Component\Console\Application->find('c:f')
#2 /var/www/public/vendor/magento/framework/Console/Cli.php(115): Symfony\Component\Console\Application->doRun(Object(Symfony\Component\Console\Input\ArgvInput), Object(Symfony\Component\Console\Output\ConsoleOutput))
#3 /var/www/public/vendor/symfony/console/Application.php(149): Magento\Framework\Console\Cli->doRun(Object(Symfony\Component\Console\Input\ArgvInput), Object(Symfony\Component\Console\Output\ConsoleOutput))
#4 /var/www/public/bin/magento(23): Symfony\Component\Console\Application->run()
#5 {main} [] []
[2020-11-18 13:51:18] main.ERROR: There are no commands defined in the "clear" namespace.
#0 /var/www/public/vendor/symfony/console/Application.php(657): Symfony\Component\Console\Application->findNamespace('clear')
#1 /var/www/public/vendor/symfony/console/Application.php(237): Symfony\Component\Console\Application->find('clear:f')
#2 /var/www/public/vendor/magento/framework/Console/Cli.php(115): Symfony\Component\Console\Application->doRun(Object(Symfony\Component\Console\Input\ArgvInput), Object(Symfony\Component\Console\Output\ConsoleOutput))
#3 /var/www/public/vendor/symfony/console/Application.php(149): Magento\Framework\Console\Cli->doRun(Object(Symfony\Component\Console\Input\ArgvInput), Object(Symfony\Component\Console\Output\ConsoleOutput))
#4 /var/www/public/bin/magento(23): Symfony\Component\Console\Application->run()
#5 {main} [] []
[2020-11-18 13:52:21] main.DEBUG: cache_invalidate:  {"method":"GET","url":"http:/","invalidateInfo":{"tags":["LAYOUT_GENERAL_CACHE_TAG"],"mode":"matchingTag"}} []
[2020-11-18 13:52:21] main.DEBUG: cache_invalidate:  {"method":"GET","url":"http:/","invalidateInfo":{"tags":["BLOCK_HTML"],"mode":"matchingTag"}} []
[2020-11-18 13:52:21] main.DEBUG: cache_invalidate:  {"method":"GET","url":"http:/","invalidateInfo":{"tags":["COMPILED_CONFIG"],"mode":"matchingTag"}} []
[2020-11-18 13:52:30] main.DEBUG: cache_invalidate:  {"method":"GET","url":"http:/","invalidateInfo":{"servers":["[object] (Laminas\\Uri\\Uri: http://varnish:80/)"],"formattedTagsChunk":".*"}} []
[2020-11-18 13:52:30] main.DEBUG: cache_invalidate:  {"method":"GET","url":"http:/","invalidateInfo":{"tags":["FPC"],"mode":"matchingTag"}} []
[2020-11-18 13:53:11] main.DEBUG: cache_invalidate:  {"method":"GET","url":"http:/","invalidateInfo":{"tags":["LAYOUT_GENERAL_CACHE_TAG"],"mode":"matchingTag"}} []
[2020-11-18 13:53:11] main.DEBUG: cache_invalidate:  {"method":"GET","url":"http:/","invalidateInfo":{"tags":["BLOCK_HTML"],"mode":"matchingTag"}} []
[2020-11-18 13:53:11] main.DEBUG: cache_invalidate:  {"method":"GET","url":"http:/","invalidateInfo":{"servers":["[object] (Laminas\\Uri\\Uri: http://varnish:80/)"],"formattedTagsChunk":".*"}} []
[2020-11-18 13:53:11] main.DEBUG: cache_invalidate:  {"method":"GET","url":"http:/","invalidateInfo":{"tags":["FPC"],"mode":"matchingTag"}} []
[2020-11-18 13:53:52] main.ERROR: There are no commands defined in the "c" namespace.

Did you mean one of these?
    app:config
    info:backups
    info:currency
    info:dependencies
    maintenance
    module:config
    scandipwa
    scandipwa:theme
    setup:config
    setup:db-schema
    setup:performance
    setup:static-content
    setup:store-config
#0 /var/www/public/vendor/symfony/console/Application.php(657): Symfony\Component\Console\Application->findNamespace('c')
#1 /var/www/public/vendor/symfony/console/Application.php(237): Symfony\Component\Console\Application->find('c:f')
#2 /var/www/public/vendor/magento/framework/Console/Cli.php(115): Symfony\Component\Console\Application->doRun(Object(Symfony\Component\Console\Input\ArgvInput), Object(Symfony\Component\Console\Output\ConsoleOutput))
#3 /var/www/public/vendor/symfony/console/Application.php(149): Magento\Framework\Console\Cli->doRun(Object(Symfony\Component\Console\Input\ArgvInput), Object(Symfony\Component\Console\Output\ConsoleOutput))
#4 /var/www/public/bin/magento(23): Symfony\Component\Console\Application->run()
#5 {main} [] []
[2020-11-18 13:56:17] main.DEBUG: cache_invalidate:  {"method":"GET","url":"http:/","invalidateInfo":{"tags":["CONFIG"],"mode":"matchingTag"}} []
[2020-11-18 13:56:17] main.DEBUG: cache_invalidate:  {"method":"GET","url":"http:/","invalidateInfo":{"tags":["COLLECTION_DATA"],"mode":"matchingTag"}} []
[2020-11-18 13:56:17] main.DEBUG: cache_invalidate:  {"method":"GET","url":"http:/","invalidateInfo":{"tags":["REFLECTION"],"mode":"matchingTag"}} []
[2020-11-18 13:56:17] main.DEBUG: cache_invalidate:  {"method":"GET","url":"http:/","invalidateInfo":{"tags":["DB_DDL"],"mode":"matchingTag"}} []
[2020-11-18 13:56:17] main.DEBUG: cache_invalidate:  {"method":"GET","url":"http:/","invalidateInfo":{"tags":["EAV"],"mode":"matchingTag"}} []
[2020-11-18 13:56:17] main.DEBUG: cache_invalidate:  {"method":"GET","url":"http:/","invalidateInfo":{"tags":["CUSTOMER_NOTIFICATION"],"mode":"matchingTag"}} []
[2020-11-18 13:56:17] main.DEBUG: cache_invalidate:  {"method":"GET","url":"http:/","invalidateInfo":{"tags":["INTEGRATION"],"mode":"matchingTag"}} []
[2020-11-18 13:56:17] main.DEBUG: cache_invalidate:  {"method":"GET","url":"http:/","invalidateInfo":{"tags":["INTEGRATION_API_CONFIG"],"mode":"matchingTag"}} []
[2020-11-18 13:56:17] main.DEBUG: cache_invalidate:  {"method":"GET","url":"http:/","invalidateInfo":{"tags":["WEBSERVICE"],"mode":"matchingTag"}} []
[2020-11-18 13:56:17] main.DEBUG: cache_invalidate:  {"method":"GET","url":"http:/","invalidateInfo":{"tags":["TRANSLATE"],"mode":"matchingTag"}} []
[2020-11-18 13:56:17] main.DEBUG: cache_invalidate:  {"method":"GET","url":"http:/","invalidateInfo":{"tags":["VERTEX"],"mode":"matchingTag"}} []
[2020-11-18 13:56:18] main.DEBUG: cache_invalidate:  {"method":"GET","url":"http:/","invalidateInfo":{"identifier":"DB_PDO_MYSQL_DDL_design_config_grid_flat_1"}} []
[2020-11-18 13:56:18] main.DEBUG: cache_invalidate:  {"method":"GET","url":"http:/","invalidateInfo":{"identifier":"DB_PDO_MYSQL_DDL_design_config_grid_flat_2"}} []
[2020-11-18 13:56:18] main.DEBUG: cache_invalidate:  {"method":"GET","url":"http:/","invalidateInfo":{"identifier":"DB_PDO_MYSQL_DDL_design_config_grid_flat_3"}} []
[2020-11-18 13:56:18] main.DEBUG: cache_invalidate:  {"method":"GET","url":"http:/","invalidateInfo":{"identifier":"DB_PDO_MYSQL_DDL_design_config_grid_flat_4"}} []
[2020-11-18 13:56:18] main.DEBUG: cache_invalidate:  {"method":"GET","url":"http:/","invalidateInfo":{"identifier":"DB_PDO_MYSQL_DDL_design_config_grid_flat_1"}} []
[2020-11-18 13:56:18] main.DEBUG: cache_invalidate:  {"method":"GET","url":"http:/","invalidateInfo":{"identifier":"DB_PDO_MYSQL_DDL_design_config_grid_flat_2"}} []
[2020-11-18 13:56:18] main.DEBUG: cache_invalidate:  {"method":"GET","url":"http:/","invalidateInfo":{"identifier":"DB_PDO_MYSQL_DDL_design_config_grid_flat_3"}} []
[2020-11-18 13:56:18] main.DEBUG: cache_invalidate:  {"method":"GET","url":"http:/","invalidateInfo":{"identifier":"DB_PDO_MYSQL_DDL_design_config_grid_flat_4"}} []
[2020-11-18 13:56:19] main.DEBUG: cache_invalidate:  {"method":"GET","url":"http:/","invalidateInfo":{"tags":["LAYOUT_GENERAL_CACHE_TAG"],"mode":"matchingTag"}} []
[2020-11-18 13:56:19] main.DEBUG: cache_invalidate:  {"method":"GET","url":"http:/","invalidateInfo":{"tags":["BLOCK_HTML"],"mode":"matchingTag"}} []
[2020-11-18 13:56:19] main.DEBUG: cache_invalidate:  {"method":"GET","url":"http:/","invalidateInfo":{"servers":["[object] (Laminas\\Uri\\Uri: http://varnish:80/)"],"formattedTagsChunk":".*"}} []
[2020-11-18 13:56:19] main.DEBUG: cache_invalidate:  {"method":"GET","url":"http:/","invalidateInfo":{"tags":["FPC"],"mode":"matchingTag"}} []
[2020-11-18 13:56:19] main.DEBUG: cache_invalidate:  {"method":"GET","url":"http:/","invalidateInfo":{"tags":["CONFIG"],"mode":"matchingTag"}} []
[2020-11-18 13:56:19] main.DEBUG: cache_invalidate:  {"method":"GET","url":"http:/","invalidateInfo":{"tags":["LAYOUT_GENERAL_CACHE_TAG"],"mode":"matchingTag"}} []
[2020-11-18 13:56:19] main.DEBUG: cache_invalidate:  {"method":"GET","url":"http:/","invalidateInfo":{"tags":["BLOCK_HTML"],"mode":"matchingTag"}} []
[2020-11-18 13:56:19] main.DEBUG: cache_invalidate:  {"method":"GET","url":"http:/","invalidateInfo":{"tags":["COLLECTION_DATA"],"mode":"matchingTag"}} []
[2020-11-18 13:56:19] main.DEBUG: cache_invalidate:  {"method":"GET","url":"http:/","invalidateInfo":{"tags":["REFLECTION"],"mode":"matchingTag"}} []
[2020-11-18 13:56:19] main.DEBUG: cache_invalidate:  {"method":"GET","url":"http:/","invalidateInfo":{"tags":["DB_DDL"],"mode":"matchingTag"}} []
[2020-11-18 13:56:19] main.DEBUG: cache_invalidate:  {"method":"GET","url":"http:/","invalidateInfo":{"tags":["COMPILED_CONFIG"],"mode":"matchingTag"}} []
[2020-11-18 13:56:19] main.DEBUG: cache_invalidate:  {"method":"GET","url":"http:/","invalidateInfo":{"tags":["EAV"],"mode":"matchingTag"}} []
[2020-11-18 13:56:19] main.DEBUG: cache_invalidate:  {"method":"GET","url":"http:/","invalidateInfo":{"tags":["CUSTOMER_NOTIFICATION"],"mode":"matchingTag"}} []
[2020-11-18 13:56:19] main.DEBUG: cache_invalidate:  {"method":"GET","url":"http:/","invalidateInfo":{"tags":["INTEGRATION"],"mode":"matchingTag"}} []
[2020-11-18 13:56:19] main.DEBUG: cache_invalidate:  {"method":"GET","url":"http:/","invalidateInfo":{"tags":["INTEGRATION_API_CONFIG"],"mode":"matchingTag"}} []
[2020-11-18 13:56:19] main.DEBUG: cache_invalidate:  {"method":"GET","url":"http:/","invalidateInfo":{"servers":["[object] (Laminas\\Uri\\Uri: http://varnish:80/)"],"formattedTagsChunk":".*"}} []
[2020-11-18 13:56:19] main.DEBUG: cache_invalidate:  {"method":"GET","url":"http:/","invalidateInfo":{"tags":["FPC"],"mode":"matchingTag"}} []
[2020-11-18 13:56:19] main.DEBUG: cache_invalidate:  {"method":"GET","url":"http:/","invalidateInfo":{"tags":["WEBSERVICE"],"mode":"matchingTag"}} []
[2020-11-18 13:56:19] main.DEBUG: cache_invalidate:  {"method":"GET","url":"http:/","invalidateInfo":{"tags":["TRANSLATE"],"mode":"matchingTag"}} []
[2020-11-18 13:56:19] main.DEBUG: cache_invalidate:  {"method":"GET","url":"http:/","invalidateInfo":{"tags":["VERTEX"],"mode":"matchingTag"}} []
[2020-11-18 13:56:42] main.DEBUG: cache_invalidate:  {"method":"GET","url":"http:/","invalidateInfo":{"tags":["config_scopes","CONFIG"],"mode":"matchingTag"}} []
[2020-11-18 13:56:43] main.DEBUG: cache_invalidate:  {"method":"GET","url":"http:/","invalidateInfo":{"tags":["EAV","EAV_ATTRIBUTE"],"mode":"matchingAnyTag"}} []
[2020-11-18 13:56:43] main.DEBUG: cache_invalidate:  {"method":"GET","url":"http:/","invalidateInfo":{"tags":["EAV","EAV_ATTRIBUTE"],"mode":"matchingAnyTag"}} []
[2020-11-18 13:56:43] main.DEBUG: cache_invalidate:  {"method":"GET","url":"http:/","invalidateInfo":{"tags":["EAV_ATTRIBUTE"],"mode":"matchingAnyTag"}} []
[2020-11-18 13:56:43] main.DEBUG: cache_invalidate:  {"method":"GET","url":"http:/","invalidateInfo":{"servers":["[object] (Laminas\\Uri\\Uri: http://varnish:80/)"],"formattedTagsChunk":"((^|,)EAV_ATTRIBUTE_77(,|$))"}} []
[2020-11-18 13:56:43] main.DEBUG: cache_invalidate:  {"method":"GET","url":"http:/","invalidateInfo":{"identifier":"request_declaration"}} []
[2020-11-18 13:56:43] main.DEBUG: cache_invalidate:  {"method":"GET","url":"http:/","invalidateInfo":{"identifier":"request_declaration"}} []
[2020-11-18 13:56:43] main.DEBUG: cache_invalidate:  {"method":"GET","url":"http:/","invalidateInfo":{"tags":["EAV","EAV_ATTRIBUTE"],"mode":"matchingAnyTag"}} []
[2020-11-18 13:56:43] main.DEBUG: cache_invalidate:  {"method":"GET","url":"http:/","invalidateInfo":{"tags":["EAV","EAV_ATTRIBUTE"],"mode":"matchingAnyTag"}} []
[2020-11-18 13:56:43] main.DEBUG: cache_invalidate:  {"method":"GET","url":"http:/","invalidateInfo":{"tags":["EAV_ATTRIBUTE"],"mode":"matchingAnyTag"}} []
[2020-11-18 13:56:43] main.DEBUG: cache_invalidate:  {"method":"GET","url":"http:/","invalidateInfo":{"servers":["[object] (Laminas\\Uri\\Uri: http://varnish:80/)"],"formattedTagsChunk":"((^|,)EAV_ATTRIBUTE_78(,|$))"}} []
[2020-11-18 13:56:43] main.DEBUG: cache_invalidate:  {"method":"GET","url":"http:/","invalidateInfo":{"identifier":"request_declaration"}} []
[2020-11-18 13:56:43] main.DEBUG: cache_invalidate:  {"method":"GET","url":"http:/","invalidateInfo":{"identifier":"request_declaration"}} []
[2020-11-18 13:56:43] main.DEBUG: cache_invalidate:  {"method":"GET","url":"http:/","invalidateInfo":{"tags":["EAV","EAV_ATTRIBUTE"],"mode":"matchingAnyTag"}} []
[2020-11-18 13:56:43] main.DEBUG: cache_invalidate:  {"method":"GET","url":"http:/","invalidateInfo":{"tags":["EAV","EAV_ATTRIBUTE"],"mode":"matchingAnyTag"}} []
[2020-11-18 13:56:43] main.DEBUG: cache_invalidate:  {"method":"GET","url":"http:/","invalidateInfo":{"tags":["EAV_ATTRIBUTE"],"mode":"matchingAnyTag"}} []
[2020-11-18 13:56:43] main.DEBUG: cache_invalidate:  {"method":"GET","url":"http:/","invalidateInfo":{"servers":["[object] (Laminas\\Uri\\Uri: http://varnish:80/)"],"formattedTagsChunk":"((^|,)EAV_ATTRIBUTE_81(,|$))"}} []
[2020-11-18 13:56:43] main.DEBUG: cache_invalidate:  {"method":"GET","url":"http:/","invalidateInfo":{"identifier":"request_declaration"}} []
[2020-11-18 13:56:43] main.DEBUG: cache_invalidate:  {"method":"GET","url":"http:/","invalidateInfo":{"identifier":"request_declaration"}} []
[2020-11-18 13:56:43] main.DEBUG: cache_invalidate:  {"method":"GET","url":"http:/","invalidateInfo":{"tags":["EAV","EAV_ATTRIBUTE"],"mode":"matchingAnyTag"}} []
[2020-11-18 13:56:43] main.DEBUG: cache_invalidate:  {"method":"GET","url":"http:/","invalidateInfo":{"tags":["EAV","EAV_ATTRIBUTE"],"mode":"matchingAnyTag"}} []
[2020-11-18 13:56:43] main.DEBUG: cache_invalidate:  {"method":"GET","url":"http:/","invalidateInfo":{"tags":["EAV_ATTRIBUTE"],"mode":"matchingAnyTag"}} []
[2020-11-18 13:56:43] main.DEBUG: cache_invalidate:  {"method":"GET","url":"http:/","invalidateInfo":{"servers":["[object] (Laminas\\Uri\\Uri: http://varnish:80/)"],"formattedTagsChunk":"((^|,)EAV_ATTRIBUTE_98(,|$))"}} []
[2020-11-18 13:56:43] main.DEBUG: cache_invalidate:  {"method":"GET","url":"http:/","invalidateInfo":{"identifier":"request_declaration"}} []
[2020-11-18 13:56:43] main.DEBUG: cache_invalidate:  {"method":"GET","url":"http:/","invalidateInfo":{"identifier":"request_declaration"}} []
[2020-11-18 13:56:43] main.DEBUG: cache_invalidate:  {"method":"GET","url":"http:/","invalidateInfo":{"tags":["EAV","EAV_ATTRIBUTE"],"mode":"matchingAnyTag"}} []
[2020-11-18 13:56:43] main.DEBUG: cache_invalidate:  {"method":"GET","url":"http:/","invalidateInfo":{"tags":["EAV","EAV_ATTRIBUTE"],"mode":"matchingAnyTag"}} []
[2020-11-18 13:56:43] main.DEBUG: cache_invalidate:  {"method":"GET","url":"http:/","invalidateInfo":{"tags":["EAV_ATTRIBUTE"],"mode":"matchingAnyTag"}} []
[2020-11-18 13:56:43] main.DEBUG: cache_invalidate:  {"method":"GET","url":"http:/","invalidateInfo":{"servers":["[object] (Laminas\\Uri\\Uri: http://varnish:80/)"],"formattedTagsChunk":"((^|,)EAV_ATTRIBUTE_123(,|$))"}} []
[2020-11-18 13:56:43] main.DEBUG: cache_invalidate:  {"method":"GET","url":"http:/","invalidateInfo":{"identifier":"request_declaration"}} []
[2020-11-18 13:56:43] main.DEBUG: cache_invalidate:  {"method":"GET","url":"http:/","invalidateInfo":{"identifier":"request_declaration"}} []
[2020-11-18 13:56:43] main.DEBUG: cache_invalidate:  {"method":"GET","url":"http:/","invalidateInfo":{"tags":["config_scopes","CONFIG"],"mode":"matchingTag"}} []
[2020-11-18 13:56:46] main.DEBUG: cache_invalidate:  {"method":"GET","url":"http:/","invalidateInfo":{"tags":["config_scopes","CONFIG"],"mode":"matchingTag"}} []
[2020-11-18 13:56:47] main.DEBUG: cache_invalidate:  {"method":"GET","url":"http:/","invalidateInfo":{"tags":["EAV","EAV_ATTRIBUTE"],"mode":"matchingAnyTag"}} []
[2020-11-18 13:56:47] main.DEBUG: cache_invalidate:  {"method":"GET","url":"http:/","invalidateInfo":{"tags":["EAV","EAV_ATTRIBUTE"],"mode":"matchingAnyTag"}} []
[2020-11-18 13:56:47] main.DEBUG: cache_invalidate:  {"method":"GET","url":"http:/","invalidateInfo":{"tags":["EAV_ATTRIBUTE"],"mode":"matchingAnyTag"}} []
[2020-11-18 13:56:47] main.DEBUG: cache_invalidate:  {"method":"GET","url":"http:/","invalidateInfo":{"servers":["[object] (Laminas\\Uri\\Uri: http://varnish:80/)"],"formattedTagsChunk":"((^|,)EAV_ATTRIBUTE_77(,|$))"}} []
[2020-11-18 13:56:47] main.DEBUG: cache_invalidate:  {"method":"GET","url":"http:/","invalidateInfo":{"identifier":"request_declaration"}} []
[2020-11-18 13:56:47] main.DEBUG: cache_invalidate:  {"method":"GET","url":"http:/","invalidateInfo":{"identifier":"request_declaration"}} []
[2020-11-18 13:56:47] main.DEBUG: cache_invalidate:  {"method":"GET","url":"http:/","invalidateInfo":{"tags":["EAV","EAV_ATTRIBUTE"],"mode":"matchingAnyTag"}} []
[2020-11-18 13:56:47] main.DEBUG: cache_invalidate:  {"method":"GET","url":"http:/","invalidateInfo":{"tags":["EAV","EAV_ATTRIBUTE"],"mode":"matchingAnyTag"}} []
[2020-11-18 13:56:47] main.DEBUG: cache_invalidate:  {"method":"GET","url":"http:/","invalidateInfo":{"tags":["EAV_ATTRIBUTE"],"mode":"matchingAnyTag"}} []
[2020-11-18 13:56:47] main.DEBUG: cache_invalidate:  {"method":"GET","url":"http:/","invalidateInfo":{"servers":["[object] (Laminas\\Uri\\Uri: http://varnish:80/)"],"formattedTagsChunk":"((^|,)EAV_ATTRIBUTE_78(,|$))"}} []
[2020-11-18 13:56:47] main.DEBUG: cache_invalidate:  {"method":"GET","url":"http:/","invalidateInfo":{"identifier":"request_declaration"}} []
[2020-11-18 13:56:47] main.DEBUG: cache_invalidate:  {"method":"GET","url":"http:/","invalidateInfo":{"identifier":"request_declaration"}} []
[2020-11-18 13:56:47] main.DEBUG: cache_invalidate:  {"method":"GET","url":"http:/","invalidateInfo":{"tags":["EAV","EAV_ATTRIBUTE"],"mode":"matchingAnyTag"}} []
[2020-11-18 13:56:47] main.DEBUG: cache_invalidate:  {"method":"GET","url":"http:/","invalidateInfo":{"tags":["EAV","EAV_ATTRIBUTE"],"mode":"matchingAnyTag"}} []
[2020-11-18 13:56:47] main.DEBUG: cache_invalidate:  {"method":"GET","url":"http:/","invalidateInfo":{"tags":["EAV_ATTRIBUTE"],"mode":"matchingAnyTag"}} []
[2020-11-18 13:56:47] main.DEBUG: cache_invalidate:  {"method":"GET","url":"http:/","invalidateInfo":{"servers":["[object] (Laminas\\Uri\\Uri: http://varnish:80/)"],"formattedTagsChunk":"((^|,)EAV_ATTRIBUTE_81(,|$))"}} []
[2020-11-18 13:56:47] main.DEBUG: cache_invalidate:  {"method":"GET","url":"http:/","invalidateInfo":{"identifier":"request_declaration"}} []
[2020-11-18 13:56:47] main.DEBUG: cache_invalidate:  {"method":"GET","url":"http:/","invalidateInfo":{"identifier":"request_declaration"}} []
[2020-11-18 13:56:47] main.DEBUG: cache_invalidate:  {"method":"GET","url":"http:/","invalidateInfo":{"tags":["EAV","EAV_ATTRIBUTE"],"mode":"matchingAnyTag"}} []
[2020-11-18 13:56:47] main.DEBUG: cache_invalidate:  {"method":"GET","url":"http:/","invalidateInfo":{"tags":["EAV","EAV_ATTRIBUTE"],"mode":"matchingAnyTag"}} []
[2020-11-18 13:56:47] main.DEBUG: cache_invalidate:  {"method":"GET","url":"http:/","invalidateInfo":{"tags":["EAV_ATTRIBUTE"],"mode":"matchingAnyTag"}} []
[2020-11-18 13:56:47] main.DEBUG: cache_invalidate:  {"method":"GET","url":"http:/","invalidateInfo":{"servers":["[object] (Laminas\\Uri\\Uri: http://varnish:80/)"],"formattedTagsChunk":"((^|,)EAV_ATTRIBUTE_98(,|$))"}} []
[2020-11-18 13:56:47] main.DEBUG: cache_invalidate:  {"method":"GET","url":"http:/","invalidateInfo":{"identifier":"request_declaration"}} []
[2020-11-18 13:56:47] main.DEBUG: cache_invalidate:  {"method":"GET","url":"http:/","invalidateInfo":{"identifier":"request_declaration"}} []
[2020-11-18 13:56:47] main.DEBUG: cache_invalidate:  {"method":"GET","url":"http:/","invalidateInfo":{"tags":["EAV","EAV_ATTRIBUTE"],"mode":"matchingAnyTag"}} []
[2020-11-18 13:56:47] main.DEBUG: cache_invalidate:  {"method":"GET","url":"http:/","invalidateInfo":{"tags":["EAV","EAV_ATTRIBUTE"],"mode":"matchingAnyTag"}} []
[2020-11-18 13:56:47] main.DEBUG: cache_invalidate:  {"method":"GET","url":"http:/","invalidateInfo":{"tags":["EAV_ATTRIBUTE"],"mode":"matchingAnyTag"}} []
[2020-11-18 13:56:47] main.DEBUG: cache_invalidate:  {"method":"GET","url":"http:/","invalidateInfo":{"servers":["[object] (Laminas\\Uri\\Uri: http://varnish:80/)"],"formattedTagsChunk":"((^|,)EAV_ATTRIBUTE_123(,|$))"}} []
[2020-11-18 13:56:47] main.DEBUG: cache_invalidate:  {"method":"GET","url":"http:/","invalidateInfo":{"identifier":"request_declaration"}} []
[2020-11-18 13:56:47] main.DEBUG: cache_invalidate:  {"method":"GET","url":"http:/","invalidateInfo":{"identifier":"request_declaration"}} []
[2020-11-18 13:56:47] main.DEBUG: cache_invalidate:  {"method":"GET","url":"http:/","invalidateInfo":{"tags":["config_scopes","CONFIG"],"mode":"matchingTag"}} []
[2020-11-18 13:56:50] main.DEBUG: cache_invalidate:  {"method":"GET","url":"http:/","invalidateInfo":{"tags":["config_scopes","CONFIG"],"mode":"matchingTag"}} []
[2020-11-18 13:56:50] main.DEBUG: cache_invalidate:  {"method":"GET","url":"http:/","invalidateInfo":{"tags":["config_scopes","CONFIG"],"mode":"matchingTag"}} []
[2020-11-18 13:56:52] main.DEBUG: cache_invalidate:  {"method":"GET","url":"http:/","invalidateInfo":{"tags":["config_scopes","CONFIG"],"mode":"matchingTag"}} []
[2020-11-18 13:56:52] main.DEBUG: cache_invalidate:  {"method":"GET","url":"http:/","invalidateInfo":{"tags":["config_scopes","CONFIG"],"mode":"matchingTag"}} []
[2020-11-18 13:56:53] main.DEBUG: cache_invalidate:  {"method":"GET","url":"http:/","invalidateInfo":{"tags":["config_scopes","CONFIG"],"mode":"matchingTag"}} []
[2020-11-18 13:56:53] main.DEBUG: cache_invalidate:  {"method":"GET","url":"http:/","invalidateInfo":{"tags":["config_scopes","CONFIG"],"mode":"matchingTag"}} []
[2020-11-18 13:56:58] main.DEBUG: cache_invalidate:  {"method":"GET","url":"http:/","invalidateInfo":{"tags":["config_scopes","CONFIG"],"mode":"matchingTag"}} []
[2020-11-18 13:56:58] main.DEBUG: cache_invalidate:  {"method":"GET","url":"http:/","invalidateInfo":{"tags":["config_scopes","CONFIG"],"mode":"matchingTag"}} []
[2020-11-18 13:57:03] main.DEBUG: cache_invalidate:  {"method":"GET","url":"http:/","invalidateInfo":{"tags":["CONFIG"],"mode":"matchingTag"}} []
[2020-11-18 13:57:03] main.DEBUG: cache_invalidate:  {"method":"GET","url":"http:/","invalidateInfo":{"tags":["LAYOUT_GENERAL_CACHE_TAG"],"mode":"matchingTag"}} []
[2020-11-18 13:57:03] main.DEBUG: cache_invalidate:  {"method":"GET","url":"http:/","invalidateInfo":{"tags":["BLOCK_HTML"],"mode":"matchingTag"}} []
[2020-11-18 13:57:03] main.DEBUG: cache_invalidate:  {"method":"GET","url":"http:/","invalidateInfo":{"tags":["COLLECTION_DATA"],"mode":"matchingTag"}} []
[2020-11-18 13:57:03] main.DEBUG: cache_invalidate:  {"method":"GET","url":"http:/","invalidateInfo":{"tags":["REFLECTION"],"mode":"matchingTag"}} []
[2020-11-18 13:57:03] main.DEBUG: cache_invalidate:  {"method":"GET","url":"http:/","invalidateInfo":{"tags":["DB_DDL"],"mode":"matchingTag"}} []
[2020-11-18 13:57:03] main.DEBUG: cache_invalidate:  {"method":"GET","url":"http:/","invalidateInfo":{"tags":["COMPILED_CONFIG"],"mode":"matchingTag"}} []
[2020-11-18 13:57:03] main.DEBUG: cache_invalidate:  {"method":"GET","url":"http:/","invalidateInfo":{"tags":["EAV"],"mode":"matchingTag"}} []
[2020-11-18 13:57:03] main.DEBUG: cache_invalidate:  {"method":"GET","url":"http:/","invalidateInfo":{"tags":["CUSTOMER_NOTIFICATION"],"mode":"matchingTag"}} []
[2020-11-18 13:57:03] main.DEBUG: cache_invalidate:  {"method":"GET","url":"http:/","invalidateInfo":{"tags":["INTEGRATION"],"mode":"matchingTag"}} []
[2020-11-18 13:57:03] main.DEBUG: cache_invalidate:  {"method":"GET","url":"http:/","invalidateInfo":{"tags":["INTEGRATION_API_CONFIG"],"mode":"matchingTag"}} []
[2020-11-18 13:57:04] main.DEBUG: cache_invalidate:  {"method":"GET","url":"http:/","invalidateInfo":{"servers":["[object] (Laminas\\Uri\\Uri: http://varnish:80/)"],"formattedTagsChunk":".*"}} []
[2020-11-18 13:57:04] main.DEBUG: cache_invalidate:  {"method":"GET","url":"http:/","invalidateInfo":{"tags":["FPC"],"mode":"matchingTag"}} []
[2020-11-18 13:57:04] main.DEBUG: cache_invalidate:  {"method":"GET","url":"http:/","invalidateInfo":{"tags":["WEBSERVICE"],"mode":"matchingTag"}} []
[2020-11-18 13:57:04] main.DEBUG: cache_invalidate:  {"method":"GET","url":"http:/","invalidateInfo":{"tags":["TRANSLATE"],"mode":"matchingTag"}} []
[2020-11-18 13:57:04] main.DEBUG: cache_invalidate:  {"method":"GET","url":"http:/","invalidateInfo":{"tags":["VERTEX"],"mode":"matchingTag"}} []
[2020-11-18 13:57:19] main.DEBUG: cache_invalidate:  {"method":"GET","url":"http:/","invalidateInfo":{"tags":["CONFIG"],"mode":"matchingTag"}} []
[2020-11-18 13:57:30] main.DEBUG: cache_invalidate:  {"method":"GET","url":"http:/","invalidateInfo":{"identifier":"DB_PDO_MYSQL_DDL_design_config_grid_flat_1"}} []
[2020-11-18 13:57:30] main.DEBUG: cache_invalidate:  {"method":"GET","url":"http:/","invalidateInfo":{"identifier":"DB_PDO_MYSQL_DDL_design_config_grid_flat_2"}} []
[2020-11-18 13:57:30] main.DEBUG: cache_invalidate:  {"method":"GET","url":"http:/","invalidateInfo":{"identifier":"DB_PDO_MYSQL_DDL_design_config_grid_flat_3"}} []
[2020-11-18 13:57:30] main.DEBUG: cache_invalidate:  {"method":"GET","url":"http:/","invalidateInfo":{"identifier":"DB_PDO_MYSQL_DDL_design_config_grid_flat_4"}} []
[2020-11-18 13:57:30] main.DEBUG: cache_invalidate:  {"method":"GET","url":"http:/","invalidateInfo":{"identifier":"DB_PDO_MYSQL_DDL_design_config_grid_flat_1"}} []
[2020-11-18 13:57:30] main.DEBUG: cache_invalidate:  {"method":"GET","url":"http:/","invalidateInfo":{"identifier":"DB_PDO_MYSQL_DDL_design_config_grid_flat_2"}} []
[2020-11-18 13:57:30] main.DEBUG: cache_invalidate:  {"method":"GET","url":"http:/","invalidateInfo":{"identifier":"DB_PDO_MYSQL_DDL_design_config_grid_flat_3"}} []
[2020-11-18 13:57:30] main.DEBUG: cache_invalidate:  {"method":"GET","url":"http:/","invalidateInfo":{"identifier":"DB_PDO_MYSQL_DDL_design_config_grid_flat_4"}} []
[2020-11-18 13:57:31] main.DEBUG: cache_invalidate:  {"method":"GET","url":"http:/","invalidateInfo":{"tags":["LAYOUT_GENERAL_CACHE_TAG"],"mode":"matchingTag"}} []
[2020-11-18 13:57:31] main.DEBUG: cache_invalidate:  {"method":"GET","url":"http:/","invalidateInfo":{"tags":["BLOCK_HTML"],"mode":"matchingTag"}} []
[2020-11-18 13:57:31] main.DEBUG: cache_invalidate:  {"method":"GET","url":"http:/","invalidateInfo":{"servers":["[object] (Laminas\\Uri\\Uri: http://varnish:80/)"],"formattedTagsChunk":".*"}} []
[2020-11-18 13:57:31] main.DEBUG: cache_invalidate:  {"method":"GET","url":"http:/","invalidateInfo":{"tags":["FPC"],"mode":"matchingTag"}} []
[2020-11-18 13:57:45] main.DEBUG: cache_invalidate:  {"method":"GET","url":"http:/","invalidateInfo":{"tags":["config_scopes","CONFIG"],"mode":"matchingTag"}} []
[2020-11-18 13:57:47] main.DEBUG: cache_invalidate:  {"method":"GET","url":"http:/","invalidateInfo":{"tags":["config_scopes","CONFIG"],"mode":"matchingTag"}} []
[2020-11-18 13:57:49] main.DEBUG: cache_invalidate:  {"method":"GET","url":"http:/","invalidateInfo":{"tags":["config_scopes","CONFIG"],"mode":"matchingTag"}} []
[2020-11-18 13:57:50] main.DEBUG: cache_invalidate:  {"method":"GET","url":"http:/","invalidateInfo":{"tags":["config_scopes","CONFIG"],"mode":"matchingTag"}} []
[2020-11-18 13:57:54] main.DEBUG: cache_invalidate:  {"method":"GET","url":"http:/","invalidateInfo":{"servers":["[object] (Laminas\\Uri\\Uri: http://varnish:80/)"],"formattedTagsChunk":".*"}} []
[2020-11-18 13:58:54] main.DEBUG: cache_invalidate:  {"method":"GET","url":"http:/","invalidateInfo":{"servers":["[object] (Laminas\\Uri\\Uri: http://varnish:80/)"],"formattedTagsChunk":".*"}} []
[2020-11-18 13:59:19] main.DEBUG: cache_invalidate:  {"method":"GET","url":"http:/","invalidateInfo":{"tags":[],"mode":"all"}} []
[2020-11-18 13:59:19] main.DEBUG: cache_invalidate:  {"method":"GET","url":"http:/","invalidateInfo":{"tags":[],"mode":"all"}} []
[2020-11-18 14:01:20] main.DEBUG: cache_invalidate:  {"method":"GET","url":"http:/","invalidateInfo":{"servers":["[object] (Laminas\\Uri\\Uri: http://varnish:80/)"],"formattedTagsChunk":".*"}} []
[2020-11-18 14:01:34] main.INFO: Broken reference: the 'tracking' element cannot be added as child to 'header', because the latter doesn't exist [] []
[2020-11-18 14:01:34] main.INFO: Broken reference: the 'global_notices' element cannot be added as child to 'global.notices', because the latter doesn't exist [] []
[2020-11-18 14:01:34] main.INFO: Broken reference: the 'logo' element cannot be added as child to 'header', because the latter doesn't exist [] []
[2020-11-18 14:01:34] main.INFO: Broken reference: the 'global.search' element cannot be added as child to 'header', because the latter doesn't exist [] []
[2020-11-18 14:01:34] main.INFO: Broken reference: the 'user' element cannot be added as child to 'header', because the latter doesn't exist [] []
[2020-11-18 14:01:34] main.INFO: Broken reference: the 'menu' element cannot be added as child to 'page.menu', because the latter doesn't exist [] []
[2020-11-18 14:01:34] main.INFO: Broken reference: the 'breadcrumbs' element cannot be added as child to 'page.breadcrumbs', because the latter doesn't exist [] []
[2020-11-18 14:01:34] main.INFO: Broken reference: the 'formkey' element cannot be added as child to 'page.formkey', because the latter doesn't exist [] []
[2020-11-18 14:01:34] main.INFO: Broken reference: the 'page.title' element cannot be added as child to 'main.top', because the latter doesn't exist [] []
[2020-11-18 14:01:34] main.INFO: Broken reference: the 'messages' element cannot be added as child to 'page.messages', because the latter doesn't exist [] []
[2020-11-18 14:01:34] main.INFO: Broken reference: the 'page.actions.toolbar' element cannot be added as child to 'page.main.actions', because the latter doesn't exist [] []
[2020-11-18 14:01:34] main.INFO: Broken reference: the 'legal' element cannot be added as child to 'footer', because the latter doesn't exist [] []
[2020-11-18 14:01:34] main.INFO: Broken reference: the 'notification_area' element cannot be added as child to 'notifications', because the latter doesn't exist [] []
[2020-11-18 14:01:34] main.INFO: Broken reference: the 'unread_system_messages' element cannot be added as child to 'notifications', because the latter doesn't exist [] []
[2020-11-18 14:01:34] main.INFO: Broken reference: the 'notification_window' element cannot be added as child to 'notifications', because the latter doesn't exist [] []
[2020-11-18 14:01:34] main.INFO: Broken reference: the 'notification.messages' element cannot be added as child to 'header', because the latter doesn't exist [] []
[2020-11-18 14:01:34] main.INFO: Broken reference: the 'header.inner.left' element cannot be added as child to 'header', because the latter doesn't exist [] []
[2020-11-18 14:01:34] main.INFO: Broken reference: the 'header.inner.right' element cannot be added as child to 'header', because the latter doesn't exist [] []
[2020-11-18 14:01:34] main.INFO: Broken reference: the 'logo' tries to reorder itself towards '', but their parents are different: 'header' and '' respectively. [] []
[2020-11-18 14:01:34] main.INFO: Broken reference: the 'global.search' tries to reorder itself towards 'logo', but their parents are different: 'header' and '' respectively. [] []
[2020-11-18 14:01:34] main.INFO: Broken reference: the 'user' tries to reorder itself towards '', but their parents are different: 'header' and '' respectively. [] []
[2020-11-18 14:01:34] main.INFO: Broken reference: the 'page.actions.toolbar' tries to reorder itself towards '', but their parents are different: 'page.main.actions' and '' respectively. [] []
[2020-11-18 14:01:34] main.INFO: Broken reference: the 'notification.messages' tries to reorder itself towards 'user', but their parents are different: 'header' and '' respectively. [] []
[2020-11-18 14:01:34] main.INFO: Broken reference: the 'header.inner.left' tries to reorder itself towards '', but their parents are different: 'header' and '' respectively. [] []
[2020-11-18 14:01:34] main.INFO: Broken reference: the 'header.inner.right' tries to reorder itself towards 'header.inner.left', but their parents are different: 'header' and '' respectively. [] []
[2020-11-18 14:02:47] main.DEBUG: cache_invalidate:  {"method":"POST","url":"https://scandipwa.local/admin/admin/index/index/key/03f693b8df345e301ee44039545643c546c6633848936074817595dee72c13d9/","invalidateInfo":{"tags":["BACKEND_MAINMENU"],"mode":"matchingAnyTag"}} []
[2020-11-18 14:06:08] main.INFO: Item Magento_Backend::system_currency was removed [] []
[2020-11-18 14:06:09] main.INFO: Add of item with id Magento_Theme::design_config was processed [] []
[2020-11-18 14:06:09] main.INFO: Add of item with id Magento_Theme::system_design_theme was processed [] []
[2020-11-18 14:06:09] main.INFO: Add of item with id Magento_Config::system_config was processed [] []
[2020-11-18 14:06:09] main.INFO: Add of item with id Magento_Backend::system_design_schedule was processed [] []
[2020-11-18 14:06:09] main.INFO: Add of item with id Magento_Backend::system_store was processed [] []
[2020-11-18 14:06:09] main.INFO: Add of item with id Magento_Backend::dashboard was processed [] []
[2020-11-18 14:06:09] main.INFO: Add of item with id Magento_Backend::system was processed [] []
[2020-11-18 14:06:09] main.INFO: Add of item with id Magento_Backend::system_tools was processed [] []
[2020-11-18 14:06:09] main.INFO: Add of item with id Magento_Backend::system_design was processed [] []
[2020-11-18 14:06:09] main.INFO: Add of item with id Magento_Backend::system_convert was processed [] []
[2020-11-18 14:06:09] main.INFO: Add of item with id Magento_Backend::system_cache was processed [] []
[2020-11-18 14:06:09] main.INFO: Add of item with id Magento_Backend::marketing was processed [] []
[2020-11-18 14:06:09] main.INFO: Add of item with id Magento_Backend::marketing_communications was processed [] []
[2020-11-18 14:06:09] main.INFO: Add of item with id Magento_Backend::marketing_seo was processed [] []
[2020-11-18 14:06:09] main.INFO: Add of item with id Magento_Backend::marketing_user_content was processed [] []
[2020-11-18 14:06:09] main.INFO: Add of item with id Magento_Backend::content was processed [] []
[2020-11-18 14:06:09] main.INFO: Add of item with id Magento_Backend::content_elements was processed [] []
[2020-11-18 14:06:09] main.INFO: Add of item with id Magento_Backend::stores was processed [] []
[2020-11-18 14:06:09] main.INFO: Add of item with id Magento_Backend::stores_settings was processed [] []
[2020-11-18 14:06:09] main.INFO: Add of item with id Magento_Backend::stores_attributes was processed [] []
[2020-11-18 14:06:09] main.INFO: Add of item with id Magento_Backend::other_settings was processed [] []
[2020-11-18 14:06:09] main.INFO: Add of item with id Magento_Backend::system_other_settings was processed [] []
[2020-11-18 14:06:09] main.INFO: Add of item with id Magento_Search::search_terms was processed [] []
[2020-11-18 14:06:09] main.INFO: Add of item with id Magento_Search::search_synonyms was processed [] []
[2020-11-18 14:06:09] main.INFO: Add of item with id Magento_Backup::system_tools_backup was processed [] []
[2020-11-18 14:06:09] main.INFO: Add of item with id Magento_Variable::system_variable was processed [] []
[2020-11-18 14:06:09] main.INFO: Add of item with id Magento_Customer::customer was processed [] []
[2020-11-18 14:06:09] main.INFO: Add of item with id Magento_Customer::customer_manage was processed [] []
[2020-11-18 14:06:09] main.INFO: Add of item with id Magento_Customer::customer_online was processed [] []
[2020-11-18 14:06:10] main.INFO: Add of item with id Magento_Customer::customer_group was processed [] []
[2020-11-18 14:06:10] main.INFO: Add of item with id Magento_AdminNotification::system_adminnotification was processed [] []
[2020-11-18 14:06:10] main.INFO: Add of item with id Magento_Indexer::system_index was processed [] []
[2020-11-18 14:06:10] main.INFO: Add of item with id Magento_Cms::cms_page was processed [] []
[2020-11-18 14:06:10] main.INFO: Add of item with id Magento_Cms::cms_block was processed [] []
[2020-11-18 14:06:10] main.INFO: Add of item with id Magento_Catalog::catalog was processed [] []
[2020-11-18 14:06:10] main.INFO: Add of item with id Magento_Catalog::catalog_products was processed [] []
[2020-11-18 14:06:10] main.INFO: Add of item with id Magento_Catalog::catalog_categories was processed [] []
[2020-11-18 14:06:10] main.INFO: Add of item with id Magento_Catalog::catalog_attributes_attributes was processed [] []
[2020-11-18 14:06:10] main.INFO: Add of item with id Magento_Catalog::catalog_attributes_sets was processed [] []
[2020-11-18 14:06:10] main.INFO: Add of item with id Magento_Catalog::inventory was processed [] []
[2020-11-18 14:06:10] main.INFO: Add of item with id Magento_CatalogRule::promo was processed [] []
[2020-11-18 14:06:10] main.INFO: Add of item with id Magento_CatalogRule::promo_catalog was processed [] []
[2020-11-18 14:06:10] main.INFO: Add of item with id Magento_Widget::cms_widget_instance was processed [] []
[2020-11-18 14:06:10] main.INFO: Add of item with id Magento_MediaGalleryUi::media was processed [] []
[2020-11-18 14:06:10] main.INFO: Add of item with id Magento_MediaGalleryUi::media_gallery was processed [] []
[2020-11-18 14:06:10] main.INFO: Add of item with id Magento_User::system_acl was processed [] []
[2020-11-18 14:06:10] main.INFO: Add of item with id Magento_User::system_acl_users was processed [] []
[2020-11-18 14:06:10] main.INFO: Add of item with id Magento_User::system_acl_roles was processed [] []
[2020-11-18 14:06:10] main.INFO: Add of item with id Magento_User::system_acl_locks was processed [] []
[2020-11-18 14:06:10] main.INFO: Add of item with id Magento_Sales::sales was processed [] []
[2020-11-18 14:06:10] main.INFO: Add of item with id Magento_Sales::sales_operation was processed [] []
[2020-11-18 14:06:10] main.INFO: Add of item with id Magento_Sales::sales_order was processed [] []
[2020-11-18 14:06:10] main.INFO: Add of item with id Magento_Sales::sales_invoice was processed [] []
[2020-11-18 14:06:10] main.INFO: Add of item with id Magento_Sales::sales_shipment was processed [] []
[2020-11-18 14:06:10] main.INFO: Add of item with id Magento_Sales::sales_creditmemo was processed [] []
[2020-11-18 14:06:10] main.INFO: Add of item with id Magento_Sales::sales_transactions was processed [] []
[2020-11-18 14:06:10] main.INFO: Add of item with id Magento_Sales::system_order_statuses was processed [] []
[2020-11-18 14:06:10] main.INFO: Add of item with id Magento_CurrencySymbol::system_currency was processed [] []
[2020-11-18 14:06:10] main.INFO: Add of item with id Magento_CurrencySymbol::system_currency_rates was processed [] []
[2020-11-18 14:06:10] main.INFO: Add of item with id Magento_CurrencySymbol::system_currency_symbols was processed [] []
[2020-11-18 14:06:10] main.INFO: Add of item with id Magento_Integration::system_extensions was processed [] []
[2020-11-18 14:06:10] main.INFO: Add of item with id Magento_Integration::system_integrations was processed [] []
[2020-11-18 14:06:10] main.INFO: Add of item with id Magento_Downloadable::report_products_downloads was processed [] []
[2020-11-18 14:06:10] main.INFO: Add of item with id Magento_ImportExport::system_convert_import was processed [] []
[2020-11-18 14:06:10] main.INFO: Add of item with id Magento_ImportExport::system_convert_export was processed [] []
[2020-11-18 14:06:10] main.INFO: Add of item with id Magento_ImportExport::system_convert_history was processed [] []
[2020-11-18 14:06:10] main.INFO: Add of item with id Magento_Email::template was processed [] []
[2020-11-18 14:06:10] main.INFO: Add of item with id Magento_EncryptionKey::system_crypt_key was processed [] []
[2020-11-18 14:06:10] main.INFO: Add of item with id Magento_Analytics::business_intelligence was processed [] []
[2020-11-18 14:06:10] main.INFO: Add of item with id Magento_Analytics::advanced_reporting was processed [] []
[2020-11-18 14:06:10] main.INFO: Add of item with id Magento_Analytics::bi_essentials was processed [] []
[2020-11-18 14:06:10] main.INFO: Add of item with id Magento_InventoryAdminUi::inventory was processed [] []
[2020-11-18 14:06:10] main.INFO: Add of item with id Magento_InventoryAdminUi::source was processed [] []
[2020-11-18 14:06:10] main.INFO: Add of item with id Magento_InventoryAdminUi::stock was processed [] []
[2020-11-18 14:06:10] main.INFO: Add of item with id Magento_Reports::report was processed [] []
[2020-11-18 14:06:10] main.INFO: Add of item with id Magento_Reports::report_marketing was processed [] []
[2020-11-18 14:06:10] main.INFO: Add of item with id Magento_Reports::report_salesroot was processed [] []
[2020-11-18 14:06:10] main.INFO: Add of item with id Magento_Reports::report_salesroot_sales was processed [] []
[2020-11-18 14:06:10] main.INFO: Add of item with id Magento_Reports::report_salesroot_tax was processed [] []
[2020-11-18 14:06:10] main.INFO: Add of item with id Magento_Reports::report_salesroot_invoiced was processed [] []
[2020-11-18 14:06:10] main.INFO: Add of item with id Magento_Reports::report_salesroot_shipping was processed [] []
[2020-11-18 14:06:10] main.INFO: Add of item with id Magento_Reports::report_salesroot_refunded was processed [] []
[2020-11-18 14:06:10] main.INFO: Add of item with id Magento_Reports::report_salesroot_coupons was processed [] []
[2020-11-18 14:06:10] main.INFO: Add of item with id Magento_Reports::report_shopcart_product was processed [] []
[2020-11-18 14:06:10] main.INFO: Add of item with id Magento_Reports::report_shopcart_abandoned was processed [] []
[2020-11-18 14:06:10] main.INFO: Add of item with id Magento_Reports::report_products was processed [] []
[2020-11-18 14:06:10] main.INFO: Add of item with id Magento_Reports::report_products_bestsellers was processed [] []
[2020-11-18 14:06:10] main.INFO: Add of item with id Magento_Reports::report_products_sold was processed [] []
[2020-11-18 14:06:10] main.INFO: Add of item with id Magento_Reports::report_products_viewed was processed [] []
[2020-11-18 14:06:10] main.INFO: Add of item with id Magento_Reports::report_products_lowstock was processed [] []
[2020-11-18 14:06:10] main.INFO: Add of item with id Magento_Reports::report_customers was processed [] []
[2020-11-18 14:06:10] main.INFO: Add of item with id Magento_Reports::report_customers_accounts was processed [] []
[2020-11-18 14:06:10] main.INFO: Add of item with id Magento_Reports::report_customers_totals was processed [] []
[2020-11-18 14:06:10] main.INFO: Add of item with id Magento_Reports::report_customers_orders was processed [] []
[2020-11-18 14:06:10] main.INFO: Add of item with id Magento_Reports::report_statistics was processed [] []
[2020-11-18 14:06:10] main.INFO: Add of item with id Magento_Reports::report_statistics_refresh was processed [] []
[2020-11-18 14:06:10] main.INFO: Add of item with id Magento_Search::report_search_term was processed [] []
[2020-11-18 14:06:10] main.INFO: Add of item with id Magento_LoginAsCustomerLog::login_log was processed [] []
[2020-11-18 14:06:10] main.INFO: Add of item with id Magento_Marketplace::partners was processed [] []
[2020-11-18 14:06:10] main.INFO: Add of item with id Magento_Newsletter::newsletter_template was processed [] []
[2020-11-18 14:06:10] main.INFO: Add of item with id Magento_Newsletter::newsletter_queue was processed [] []
[2020-11-18 14:06:10] main.INFO: Add of item with id Magento_Newsletter::newsletter_subscriber was processed [] []
[2020-11-18 14:06:10] main.INFO: Add of item with id Magento_Newsletter::newsletter_problem was processed [] []
[2020-11-18 14:06:10] main.INFO: Add of item with id Magento_SalesRule::promo_quote was processed [] []
[2020-11-18 14:06:10] main.INFO: Add of item with id Magento_Paypal::report_salesroot_paypal_settlement_reports was processed [] []
[2020-11-18 14:06:10] main.INFO: Add of item with id Magento_Paypal::paypal_billing_agreement was processed [] []
[2020-11-18 14:06:10] main.INFO: Add of item with id Magento_CheckoutAgreements::sales_checkoutagreement was processed [] []
[2020-11-18 14:06:10] main.INFO: Add of item with id Magento_Review::catalog_reviews_ratings_ratings was processed [] []
[2020-11-18 14:06:10] main.INFO: Add of item with id Magento_Review::catalog_reviews_ratings_pending was processed [] []
[2020-11-18 14:06:10] main.INFO: Add of item with id Magento_Review::catalog_reviews_ratings_reviews_all was processed [] []
[2020-11-18 14:06:10] main.INFO: Add of item with id Magento_Review::report_review was processed [] []
[2020-11-18 14:06:10] main.INFO: Add of item with id Magento_Review::report_review_customer was processed [] []
[2020-11-18 14:06:10] main.INFO: Add of item with id Magento_Review::report_review_product was processed [] []
[2020-11-18 14:06:10] main.INFO: Add of item with id Magento_UrlRewrite::urlrewrite was processed [] []
[2020-11-18 14:06:10] main.INFO: Add of item with id Magento_Sitemap::catalog_sitemap was processed [] []
[2020-11-18 14:06:10] main.INFO: Add of item with id Magento_Tax::sales_tax was processed [] []
[2020-11-18 14:06:10] main.INFO: Add of item with id Magento_Tax::sales_tax_rules was processed [] []
[2020-11-18 14:06:10] main.INFO: Add of item with id Magento_Tax::sales_tax_rates was processed [] []
[2020-11-18 14:06:10] main.INFO: Add of item with id Magento_TaxImportExport::system_convert_tax was processed [] []
[2020-11-18 14:06:10] main.INFO: Add of item with id Magento_AsynchronousOperations::system_magento_logging was processed [] []
[2020-11-18 14:06:10] main.INFO: Add of item with id Magento_AsynchronousOperations::system_magento_logging_bulk_operations was processed [] []
[2020-11-18 14:06:11] main.INFO: Add of item with id Dotdigitalgroup_Email::marketing_automation was processed [] []
[2020-11-18 14:06:11] main.INFO: Add of item with id Dotdigitalgroup_Email::automation_studio was processed [] []
[2020-11-18 14:06:11] main.INFO: Add of item with id Dotdigitalgroup_Email::exclusion_rules was processed [] []
[2020-11-18 14:06:11] main.INFO: Add of item with id Dotdigitalgroup_Email::marketing_automation_report was processed [] []
[2020-11-18 14:06:11] main.INFO: Add of item with id Dotdigitalgroup_Email::dashboards was processed [] []
[2020-11-18 14:06:11] main.INFO: Add of item with id Dotdigitalgroup_Email::importer was processed [] []
[2020-11-18 14:06:11] main.INFO: Add of item with id Dotdigitalgroup_Email::automation was processed [] []
[2020-11-18 14:06:11] main.INFO: Add of item with id Dotdigitalgroup_Email::campaign was processed [] []
[2020-11-18 14:06:11] main.INFO: Add of item with id Dotdigitalgroup_Email::cron was processed [] []
[2020-11-18 14:06:11] main.INFO: Add of item with id Dotdigitalgroup_Email::logviewer was processed [] []
[2020-11-18 14:06:11] main.INFO: Add of item with id Dotdigitalgroup_Email::abandoned was processed [] []
[2020-11-18 14:06:11] main.INFO: Add of item with id Dotdigitalgroup_Chat::config was processed [] []
[2020-11-18 14:06:11] main.INFO: Add of item with id PayPal_Braintree::settlement_report was processed [] []
[2020-11-18 14:06:11] main.INFO: Add of item with id PayPal_Braintree::virtual_terminal was processed [] []
[2020-11-18 14:06:11] main.INFO: Add of item with id Scandiweb_Core::all was processed [] []
[2020-11-18 14:06:11] main.INFO: Add of item with id Scandiweb_Slider::slider was processed [] []
[2020-11-18 14:06:11] main.INFO: Add of item with id Scandiweb_Slider::slider_manage was processed [] []
[2020-11-18 14:06:11] main.INFO: Add of item with id ScandiPWA_MenuOrganizer::navigation was processed [] []
[2020-11-18 14:06:11] main.INFO: Add of item with id ScandiPWA_MenuOrganizer::navigation_menu was processed [] []
[2020-11-18 14:06:11] main.INFO: Add of item with id Yotpo_Yotpo::yotpo_report_reviews was processed [] []
[2020-11-18 14:06:11] main.INFO: Add of item with id Yotpo_Yotpo::yotpo_reviews_external was processed [] []
[2020-11-18 14:06:11] main.INFO: Add of item with id Yotpo_Yotpo::yotpo_analytics_external was processed [] []
[2020-11-18 14:16:22] main.DEBUG: cache_invalidate:  {"method":"GET","url":"http:/","invalidateInfo":{"identifier":"DB_PDO_MYSQL_DDL_design_config_grid_flat_1"}} []
[2020-11-18 14:16:22] main.DEBUG: cache_invalidate:  {"method":"GET","url":"http:/","invalidateInfo":{"identifier":"DB_PDO_MYSQL_DDL_design_config_grid_flat_2"}} []
[2020-11-18 14:16:22] main.DEBUG: cache_invalidate:  {"method":"GET","url":"http:/","invalidateInfo":{"identifier":"DB_PDO_MYSQL_DDL_design_config_grid_flat_3"}} []
[2020-11-18 14:16:22] main.DEBUG: cache_invalidate:  {"method":"GET","url":"http:/","invalidateInfo":{"identifier":"DB_PDO_MYSQL_DDL_design_config_grid_flat_4"}} []
[2020-11-18 14:16:23] main.DEBUG: cache_invalidate:  {"method":"GET","url":"http:/","invalidateInfo":{"identifier":"DB_PDO_MYSQL_DDL_design_config_grid_flat_1"}} []
[2020-11-18 14:16:23] main.DEBUG: cache_invalidate:  {"method":"GET","url":"http:/","invalidateInfo":{"identifier":"DB_PDO_MYSQL_DDL_design_config_grid_flat_2"}} []
[2020-11-18 14:16:23] main.DEBUG: cache_invalidate:  {"method":"GET","url":"http:/","invalidateInfo":{"identifier":"DB_PDO_MYSQL_DDL_design_config_grid_flat_3"}} []
[2020-11-18 14:16:23] main.DEBUG: cache_invalidate:  {"method":"GET","url":"http:/","invalidateInfo":{"identifier":"DB_PDO_MYSQL_DDL_design_config_grid_flat_4"}} []
[2020-11-18 14:16:25] main.DEBUG: cache_invalidate:  {"method":"GET","url":"http:/","invalidateInfo":{"identifier":"DB_PDO_MYSQL_DDL_customer_grid_flat_1"}} []
[2020-11-18 14:16:25] main.DEBUG: cache_invalidate:  {"method":"GET","url":"http:/","invalidateInfo":{"identifier":"DB_PDO_MYSQL_DDL_customer_grid_flat_2"}} []
[2020-11-18 14:16:25] main.DEBUG: cache_invalidate:  {"method":"GET","url":"http:/","invalidateInfo":{"identifier":"DB_PDO_MYSQL_DDL_customer_grid_flat_3"}} []
[2020-11-18 14:16:25] main.DEBUG: cache_invalidate:  {"method":"GET","url":"http:/","invalidateInfo":{"identifier":"DB_PDO_MYSQL_DDL_customer_grid_flat_4"}} []
[2020-11-18 14:16:25] main.DEBUG: cache_invalidate:  {"method":"GET","url":"http:/","invalidateInfo":{"identifier":"DB_PDO_MYSQL_DDL_customer_grid_flat_1"}} []
[2020-11-18 14:16:25] main.DEBUG: cache_invalidate:  {"method":"GET","url":"http:/","invalidateInfo":{"identifier":"DB_PDO_MYSQL_DDL_customer_grid_flat_2"}} []
[2020-11-18 14:16:25] main.DEBUG: cache_invalidate:  {"method":"GET","url":"http:/","invalidateInfo":{"identifier":"DB_PDO_MYSQL_DDL_customer_grid_flat_3"}} []
[2020-11-18 14:16:25] main.DEBUG: cache_invalidate:  {"method":"GET","url":"http:/","invalidateInfo":{"identifier":"DB_PDO_MYSQL_DDL_customer_grid_flat_4"}} []
[2020-11-18 14:16:26] main.DEBUG: cache_invalidate:  {"method":"GET","url":"http:/","invalidateInfo":{"identifier":"DB_PDO_MYSQL_DDL_catalog_category_product_index_store1_1"}} []
[2020-11-18 14:16:26] main.DEBUG: cache_invalidate:  {"method":"GET","url":"http:/","invalidateInfo":{"identifier":"DB_PDO_MYSQL_DDL_catalog_category_product_index_store1_2"}} []
[2020-11-18 14:16:26] main.DEBUG: cache_invalidate:  {"method":"GET","url":"http:/","invalidateInfo":{"identifier":"DB_PDO_MYSQL_DDL_catalog_category_product_index_store1_3"}} []
[2020-11-18 14:16:26] main.DEBUG: cache_invalidate:  {"method":"GET","url":"http:/","invalidateInfo":{"identifier":"DB_PDO_MYSQL_DDL_catalog_category_product_index_store1_4"}} []
[2020-11-18 14:16:26] main.DEBUG: cache_invalidate:  {"method":"GET","url":"http:/","invalidateInfo":{"identifier":"DB_PDO_MYSQL_DDL_catalog_category_product_index_store1_outdated_1"}} []
[2020-11-18 14:16:26] main.DEBUG: cache_invalidate:  {"method":"GET","url":"http:/","invalidateInfo":{"identifier":"DB_PDO_MYSQL_DDL_catalog_category_product_index_store1_outdated_2"}} []
[2020-11-18 14:16:26] main.DEBUG: cache_invalidate:  {"method":"GET","url":"http:/","invalidateInfo":{"identifier":"DB_PDO_MYSQL_DDL_catalog_category_product_index_store1_outdated_3"}} []
[2020-11-18 14:16:26] main.DEBUG: cache_invalidate:  {"method":"GET","url":"http:/","invalidateInfo":{"identifier":"DB_PDO_MYSQL_DDL_catalog_category_product_index_store1_outdated_4"}} []
[2020-11-18 14:16:26] main.DEBUG: cache_invalidate:  {"method":"GET","url":"http:/","invalidateInfo":{"identifier":"DB_PDO_MYSQL_DDL_catalog_category_product_index_store1_replica_1"}} []
[2020-11-18 14:16:26] main.DEBUG: cache_invalidate:  {"method":"GET","url":"http:/","invalidateInfo":{"identifier":"DB_PDO_MYSQL_DDL_catalog_category_product_index_store1_replica_2"}} []
[2020-11-18 14:16:26] main.DEBUG: cache_invalidate:  {"method":"GET","url":"http:/","invalidateInfo":{"identifier":"DB_PDO_MYSQL_DDL_catalog_category_product_index_store1_replica_3"}} []
[2020-11-18 14:16:26] main.DEBUG: cache_invalidate:  {"method":"GET","url":"http:/","invalidateInfo":{"identifier":"DB_PDO_MYSQL_DDL_catalog_category_product_index_store1_replica_4"}} []
[2020-11-18 14:16:26] main.DEBUG: cache_invalidate:  {"method":"GET","url":"http:/","invalidateInfo":{"servers":["[object] (Laminas\\Uri\\Uri: http://varnish:80/)"],"formattedTagsChunk":"((^|,)cat_c(,|$))"}} []
[2020-11-18 14:16:26] main.DEBUG: cache_invalidate:  {"method":"GET","url":"http:/","invalidateInfo":{"tags":["cat_c"],"mode":"matchingAnyTag"}} []
[2020-11-18 14:16:30] main.DEBUG: cache_invalidate:  {"method":"GET","url":"http:/","invalidateInfo":{"identifier":"DB_PDO_MYSQL_DDL_catalogrule_product_1"}} []
[2020-11-18 14:16:30] main.DEBUG: cache_invalidate:  {"method":"GET","url":"http:/","invalidateInfo":{"identifier":"DB_PDO_MYSQL_DDL_catalogrule_product_2"}} []
[2020-11-18 14:16:30] main.DEBUG: cache_invalidate:  {"method":"GET","url":"http:/","invalidateInfo":{"identifier":"DB_PDO_MYSQL_DDL_catalogrule_product_3"}} []
[2020-11-18 14:16:30] main.DEBUG: cache_invalidate:  {"method":"GET","url":"http:/","invalidateInfo":{"identifier":"DB_PDO_MYSQL_DDL_catalogrule_product_4"}} []
[2020-11-18 14:16:30] main.DEBUG: cache_invalidate:  {"method":"GET","url":"http:/","invalidateInfo":{"identifier":"DB_PDO_MYSQL_DDL_catalogrule_product3a92d22e_1"}} []
[2020-11-18 14:16:30] main.DEBUG: cache_invalidate:  {"method":"GET","url":"http:/","invalidateInfo":{"identifier":"DB_PDO_MYSQL_DDL_catalogrule_product3a92d22e_2"}} []
[2020-11-18 14:16:30] main.DEBUG: cache_invalidate:  {"method":"GET","url":"http:/","invalidateInfo":{"identifier":"DB_PDO_MYSQL_DDL_catalogrule_product3a92d22e_3"}} []
[2020-11-18 14:16:30] main.DEBUG: cache_invalidate:  {"method":"GET","url":"http:/","invalidateInfo":{"identifier":"DB_PDO_MYSQL_DDL_catalogrule_product3a92d22e_4"}} []
[2020-11-18 14:16:30] main.DEBUG: cache_invalidate:  {"method":"GET","url":"http:/","invalidateInfo":{"identifier":"DB_PDO_MYSQL_DDL_catalogrule_product__tempdfe57f63_1"}} []
[2020-11-18 14:16:30] main.DEBUG: cache_invalidate:  {"method":"GET","url":"http:/","invalidateInfo":{"identifier":"DB_PDO_MYSQL_DDL_catalogrule_product__tempdfe57f63_2"}} []
[2020-11-18 14:16:30] main.DEBUG: cache_invalidate:  {"method":"GET","url":"http:/","invalidateInfo":{"identifier":"DB_PDO_MYSQL_DDL_catalogrule_product__tempdfe57f63_3"}} []
[2020-11-18 14:16:30] main.DEBUG: cache_invalidate:  {"method":"GET","url":"http:/","invalidateInfo":{"identifier":"DB_PDO_MYSQL_DDL_catalogrule_product__tempdfe57f63_4"}} []
[2020-11-18 14:16:30] main.DEBUG: cache_invalidate:  {"method":"GET","url":"http:/","invalidateInfo":{"identifier":"DB_PDO_MYSQL_DDL_catalogrule_product_price_1"}} []
[2020-11-18 14:16:30] main.DEBUG: cache_invalidate:  {"method":"GET","url":"http:/","invalidateInfo":{"identifier":"DB_PDO_MYSQL_DDL_catalogrule_product_price_2"}} []
[2020-11-18 14:16:30] main.DEBUG: cache_invalidate:  {"method":"GET","url":"http:/","invalidateInfo":{"identifier":"DB_PDO_MYSQL_DDL_catalogrule_product_price_3"}} []
[2020-11-18 14:16:30] main.DEBUG: cache_invalidate:  {"method":"GET","url":"http:/","invalidateInfo":{"identifier":"DB_PDO_MYSQL_DDL_catalogrule_product_price_4"}} []
[2020-11-18 14:16:30] main.DEBUG: cache_invalidate:  {"method":"GET","url":"http:/","invalidateInfo":{"identifier":"DB_PDO_MYSQL_DDL_catalogrule_product_price7596b25b_1"}} []
[2020-11-18 14:16:30] main.DEBUG: cache_invalidate:  {"method":"GET","url":"http:/","invalidateInfo":{"identifier":"DB_PDO_MYSQL_DDL_catalogrule_product_price7596b25b_2"}} []
[2020-11-18 14:16:30] main.DEBUG: cache_invalidate:  {"method":"GET","url":"http:/","invalidateInfo":{"identifier":"DB_PDO_MYSQL_DDL_catalogrule_product_price7596b25b_3"}} []
[2020-11-18 14:16:30] main.DEBUG: cache_invalidate:  {"method":"GET","url":"http:/","invalidateInfo":{"identifier":"DB_PDO_MYSQL_DDL_catalogrule_product_price7596b25b_4"}} []
[2020-11-18 14:16:30] main.DEBUG: cache_invalidate:  {"method":"GET","url":"http:/","invalidateInfo":{"identifier":"DB_PDO_MYSQL_DDL_catalogrule_product_price__tempd694ffbf_1"}} []
[2020-11-18 14:16:30] main.DEBUG: cache_invalidate:  {"method":"GET","url":"http:/","invalidateInfo":{"identifier":"DB_PDO_MYSQL_DDL_catalogrule_product_price__tempd694ffbf_2"}} []
[2020-11-18 14:16:30] main.DEBUG: cache_invalidate:  {"method":"GET","url":"http:/","invalidateInfo":{"identifier":"DB_PDO_MYSQL_DDL_catalogrule_product_price__tempd694ffbf_3"}} []
[2020-11-18 14:16:30] main.DEBUG: cache_invalidate:  {"method":"GET","url":"http:/","invalidateInfo":{"identifier":"DB_PDO_MYSQL_DDL_catalogrule_product_price__tempd694ffbf_4"}} []
[2020-11-18 14:16:30] main.DEBUG: cache_invalidate:  {"method":"GET","url":"http:/","invalidateInfo":{"identifier":"DB_PDO_MYSQL_DDL_catalogrule_group_website_1"}} []
[2020-11-18 14:16:30] main.DEBUG: cache_invalidate:  {"method":"GET","url":"http:/","invalidateInfo":{"identifier":"DB_PDO_MYSQL_DDL_catalogrule_group_website_2"}} []
[2020-11-18 14:16:30] main.DEBUG: cache_invalidate:  {"method":"GET","url":"http:/","invalidateInfo":{"identifier":"DB_PDO_MYSQL_DDL_catalogrule_group_website_3"}} []
[2020-11-18 14:16:30] main.DEBUG: cache_invalidate:  {"method":"GET","url":"http:/","invalidateInfo":{"identifier":"DB_PDO_MYSQL_DDL_catalogrule_group_website_4"}} []
[2020-11-18 14:16:30] main.DEBUG: cache_invalidate:  {"method":"GET","url":"http:/","invalidateInfo":{"identifier":"DB_PDO_MYSQL_DDL_catalogrule_group_website1cc3f474_1"}} []
[2020-11-18 14:16:30] main.DEBUG: cache_invalidate:  {"method":"GET","url":"http:/","invalidateInfo":{"identifier":"DB_PDO_MYSQL_DDL_catalogrule_group_website1cc3f474_2"}} []
[2020-11-18 14:16:30] main.DEBUG: cache_invalidate:  {"method":"GET","url":"http:/","invalidateInfo":{"identifier":"DB_PDO_MYSQL_DDL_catalogrule_group_website1cc3f474_3"}} []
[2020-11-18 14:16:30] main.DEBUG: cache_invalidate:  {"method":"GET","url":"http:/","invalidateInfo":{"identifier":"DB_PDO_MYSQL_DDL_catalogrule_group_website1cc3f474_4"}} []
[2020-11-18 14:16:30] main.DEBUG: cache_invalidate:  {"method":"GET","url":"http:/","invalidateInfo":{"identifier":"DB_PDO_MYSQL_DDL_catalogrule_group_website__tempdfe04b9e_1"}} []
[2020-11-18 14:16:30] main.DEBUG: cache_invalidate:  {"method":"GET","url":"http:/","invalidateInfo":{"identifier":"DB_PDO_MYSQL_DDL_catalogrule_group_website__tempdfe04b9e_2"}} []
[2020-11-18 14:16:30] main.DEBUG: cache_invalidate:  {"method":"GET","url":"http:/","invalidateInfo":{"identifier":"DB_PDO_MYSQL_DDL_catalogrule_group_website__tempdfe04b9e_3"}} []
[2020-11-18 14:16:30] main.DEBUG: cache_invalidate:  {"method":"GET","url":"http:/","invalidateInfo":{"identifier":"DB_PDO_MYSQL_DDL_catalogrule_group_website__tempdfe04b9e_4"}} []
[2020-11-18 14:16:30] main.DEBUG: cache_invalidate:  {"method":"GET","url":"http:/","invalidateInfo":{"identifier":"DB_PDO_MYSQL_DDL_catalogrule_product3a92d22e_1"}} []
[2020-11-18 14:16:30] main.DEBUG: cache_invalidate:  {"method":"GET","url":"http:/","invalidateInfo":{"identifier":"DB_PDO_MYSQL_DDL_catalogrule_product3a92d22e_2"}} []
[2020-11-18 14:16:30] main.DEBUG: cache_invalidate:  {"method":"GET","url":"http:/","invalidateInfo":{"identifier":"DB_PDO_MYSQL_DDL_catalogrule_product3a92d22e_3"}} []
[2020-11-18 14:16:30] main.DEBUG: cache_invalidate:  {"method":"GET","url":"http:/","invalidateInfo":{"identifier":"DB_PDO_MYSQL_DDL_catalogrule_product3a92d22e_4"}} []
[2020-11-18 14:16:30] main.DEBUG: cache_invalidate:  {"method":"GET","url":"http:/","invalidateInfo":{"identifier":"DB_PDO_MYSQL_DDL_catalogrule_product_price7596b25b_1"}} []
[2020-11-18 14:16:30] main.DEBUG: cache_invalidate:  {"method":"GET","url":"http:/","invalidateInfo":{"identifier":"DB_PDO_MYSQL_DDL_catalogrule_product_price7596b25b_2"}} []
[2020-11-18 14:16:30] main.DEBUG: cache_invalidate:  {"method":"GET","url":"http:/","invalidateInfo":{"identifier":"DB_PDO_MYSQL_DDL_catalogrule_product_price7596b25b_3"}} []
[2020-11-18 14:16:30] main.DEBUG: cache_invalidate:  {"method":"GET","url":"http:/","invalidateInfo":{"identifier":"DB_PDO_MYSQL_DDL_catalogrule_product_price7596b25b_4"}} []
[2020-11-18 14:16:30] main.DEBUG: cache_invalidate:  {"method":"GET","url":"http:/","invalidateInfo":{"identifier":"DB_PDO_MYSQL_DDL_catalogrule_group_website1cc3f474_1"}} []
[2020-11-18 14:16:30] main.DEBUG: cache_invalidate:  {"method":"GET","url":"http:/","invalidateInfo":{"identifier":"DB_PDO_MYSQL_DDL_catalogrule_group_website1cc3f474_2"}} []
[2020-11-18 14:16:30] main.DEBUG: cache_invalidate:  {"method":"GET","url":"http:/","invalidateInfo":{"identifier":"DB_PDO_MYSQL_DDL_catalogrule_group_website1cc3f474_3"}} []
[2020-11-18 14:16:30] main.DEBUG: cache_invalidate:  {"method":"GET","url":"http:/","invalidateInfo":{"identifier":"DB_PDO_MYSQL_DDL_catalogrule_group_website1cc3f474_4"}} []
[2020-11-18 14:16:30] main.DEBUG: cache_invalidate:  {"method":"GET","url":"http:/","invalidateInfo":{"servers":["[object] (Laminas\\Uri\\Uri: http://varnish:80/)"],"formattedTagsChunk":"((^|,)cat_c(,|$))|((^|,)cat_p(,|$))|((^|,)BLOCK_HTML(,|$))"}} []
[2020-11-18 14:16:30] main.DEBUG: cache_invalidate:  {"method":"GET","url":"http:/","invalidateInfo":{"tags":["cat_c","cat_p","BLOCK_HTML"],"mode":"matchingAnyTag"}} []
[2020-11-18 14:16:30] main.DEBUG: cache_invalidate:  {"method":"GET","url":"http:/","invalidateInfo":{"servers":["[object] (Laminas\\Uri\\Uri: http://varnish:80/)"],"formattedTagsChunk":"((^|,)cat_c(,|$))"}} []
[2020-11-18 14:16:30] main.DEBUG: cache_invalidate:  {"method":"GET","url":"http:/","invalidateInfo":{"tags":["cat_c"],"mode":"matchingAnyTag"}} []
[2020-11-18 14:16:31] main.DEBUG: cache_invalidate:  {"method":"GET","url":"http:/","invalidateInfo":{"identifier":"DB_PDO_MYSQL_DDL_catalog_product_index_eav_1"}} []
[2020-11-18 14:16:31] main.DEBUG: cache_invalidate:  {"method":"GET","url":"http:/","invalidateInfo":{"identifier":"DB_PDO_MYSQL_DDL_catalog_product_index_eav_2"}} []
[2020-11-18 14:16:31] main.DEBUG: cache_invalidate:  {"method":"GET","url":"http:/","invalidateInfo":{"identifier":"DB_PDO_MYSQL_DDL_catalog_product_index_eav_3"}} []
[2020-11-18 14:16:31] main.DEBUG: cache_invalidate:  {"method":"GET","url":"http:/","invalidateInfo":{"identifier":"DB_PDO_MYSQL_DDL_catalog_product_index_eav_4"}} []
[2020-11-18 14:16:31] main.DEBUG: cache_invalidate:  {"method":"GET","url":"http:/","invalidateInfo":{"identifier":"DB_PDO_MYSQL_DDL_catalog_product_index_eav_outdated_1"}} []
[2020-11-18 14:16:31] main.DEBUG: cache_invalidate:  {"method":"GET","url":"http:/","invalidateInfo":{"identifier":"DB_PDO_MYSQL_DDL_catalog_product_index_eav_outdated_2"}} []
[2020-11-18 14:16:31] main.DEBUG: cache_invalidate:  {"method":"GET","url":"http:/","invalidateInfo":{"identifier":"DB_PDO_MYSQL_DDL_catalog_product_index_eav_outdated_3"}} []
[2020-11-18 14:16:31] main.DEBUG: cache_invalidate:  {"method":"GET","url":"http:/","invalidateInfo":{"identifier":"DB_PDO_MYSQL_DDL_catalog_product_index_eav_outdated_4"}} []
[2020-11-18 14:16:31] main.DEBUG: cache_invalidate:  {"method":"GET","url":"http:/","invalidateInfo":{"identifier":"DB_PDO_MYSQL_DDL_catalog_product_index_eav_replica_1"}} []
[2020-11-18 14:16:31] main.DEBUG: cache_invalidate:  {"method":"GET","url":"http:/","invalidateInfo":{"identifier":"DB_PDO_MYSQL_DDL_catalog_product_index_eav_replica_2"}} []
[2020-11-18 14:16:31] main.DEBUG: cache_invalidate:  {"method":"GET","url":"http:/","invalidateInfo":{"identifier":"DB_PDO_MYSQL_DDL_catalog_product_index_eav_replica_3"}} []
[2020-11-18 14:16:31] main.DEBUG: cache_invalidate:  {"method":"GET","url":"http:/","invalidateInfo":{"identifier":"DB_PDO_MYSQL_DDL_catalog_product_index_eav_replica_4"}} []
[2020-11-18 14:16:31] main.DEBUG: cache_invalidate:  {"method":"GET","url":"http:/","invalidateInfo":{"identifier":"DB_PDO_MYSQL_DDL_catalog_product_index_eav_decimal_1"}} []
[2020-11-18 14:16:31] main.DEBUG: cache_invalidate:  {"method":"GET","url":"http:/","invalidateInfo":{"identifier":"DB_PDO_MYSQL_DDL_catalog_product_index_eav_decimal_2"}} []
[2020-11-18 14:16:31] main.DEBUG: cache_invalidate:  {"method":"GET","url":"http:/","invalidateInfo":{"identifier":"DB_PDO_MYSQL_DDL_catalog_product_index_eav_decimal_3"}} []
[2020-11-18 14:16:31] main.DEBUG: cache_invalidate:  {"method":"GET","url":"http:/","invalidateInfo":{"identifier":"DB_PDO_MYSQL_DDL_catalog_product_index_eav_decimal_4"}} []
[2020-11-18 14:16:31] main.DEBUG: cache_invalidate:  {"method":"GET","url":"http:/","invalidateInfo":{"identifier":"DB_PDO_MYSQL_DDL_catalog_product_index_eav_decimal_outdated_1"}} []
[2020-11-18 14:16:31] main.DEBUG: cache_invalidate:  {"method":"GET","url":"http:/","invalidateInfo":{"identifier":"DB_PDO_MYSQL_DDL_catalog_product_index_eav_decimal_outdated_2"}} []
[2020-11-18 14:16:31] main.DEBUG: cache_invalidate:  {"method":"GET","url":"http:/","invalidateInfo":{"identifier":"DB_PDO_MYSQL_DDL_catalog_product_index_eav_decimal_outdated_3"}} []
[2020-11-18 14:16:31] main.DEBUG: cache_invalidate:  {"method":"GET","url":"http:/","invalidateInfo":{"identifier":"DB_PDO_MYSQL_DDL_catalog_product_index_eav_decimal_outdated_4"}} []
[2020-11-18 14:16:31] main.DEBUG: cache_invalidate:  {"method":"GET","url":"http:/","invalidateInfo":{"identifier":"DB_PDO_MYSQL_DDL_catalog_product_index_eav_decimal_replica_1"}} []
[2020-11-18 14:16:31] main.DEBUG: cache_invalidate:  {"method":"GET","url":"http:/","invalidateInfo":{"identifier":"DB_PDO_MYSQL_DDL_catalog_product_index_eav_decimal_replica_2"}} []
[2020-11-18 14:16:31] main.DEBUG: cache_invalidate:  {"method":"GET","url":"http:/","invalidateInfo":{"identifier":"DB_PDO_MYSQL_DDL_catalog_product_index_eav_decimal_replica_3"}} []
[2020-11-18 14:16:31] main.DEBUG: cache_invalidate:  {"method":"GET","url":"http:/","invalidateInfo":{"identifier":"DB_PDO_MYSQL_DDL_catalog_product_index_eav_decimal_replica_4"}} []
[2020-11-18 14:16:31] main.DEBUG: cache_invalidate:  {"method":"GET","url":"http:/","invalidateInfo":{"servers":["[object] (Laminas\\Uri\\Uri: http://varnish:80/)"],"formattedTagsChunk":"((^|,)cat_c(,|$))|((^|,)cat_p(,|$))"}} []
[2020-11-18 14:16:31] main.DEBUG: cache_invalidate:  {"method":"GET","url":"http:/","invalidateInfo":{"tags":["cat_c","cat_p"],"mode":"matchingAnyTag"}} []
[2020-11-18 14:16:32] main.DEBUG: cache_invalidate:  {"method":"GET","url":"http:/","invalidateInfo":{"identifier":"DB_PDO_MYSQL_DDL_cataloginventory_stock_status_1"}} []
[2020-11-18 14:16:32] main.DEBUG: cache_invalidate:  {"method":"GET","url":"http:/","invalidateInfo":{"identifier":"DB_PDO_MYSQL_DDL_cataloginventory_stock_status_2"}} []
[2020-11-18 14:16:32] main.DEBUG: cache_invalidate:  {"method":"GET","url":"http:/","invalidateInfo":{"identifier":"DB_PDO_MYSQL_DDL_cataloginventory_stock_status_3"}} []
[2020-11-18 14:16:32] main.DEBUG: cache_invalidate:  {"method":"GET","url":"http:/","invalidateInfo":{"identifier":"DB_PDO_MYSQL_DDL_cataloginventory_stock_status_4"}} []
[2020-11-18 14:16:32] main.DEBUG: cache_invalidate:  {"method":"GET","url":"http:/","invalidateInfo":{"identifier":"DB_PDO_MYSQL_DDL_cataloginventory_stock_status_outdated_1"}} []
[2020-11-18 14:16:32] main.DEBUG: cache_invalidate:  {"method":"GET","url":"http:/","invalidateInfo":{"identifier":"DB_PDO_MYSQL_DDL_cataloginventory_stock_status_outdated_2"}} []
[2020-11-18 14:16:32] main.DEBUG: cache_invalidate:  {"method":"GET","url":"http:/","invalidateInfo":{"identifier":"DB_PDO_MYSQL_DDL_cataloginventory_stock_status_outdated_3"}} []
[2020-11-18 14:16:32] main.DEBUG: cache_invalidate:  {"method":"GET","url":"http:/","invalidateInfo":{"identifier":"DB_PDO_MYSQL_DDL_cataloginventory_stock_status_outdated_4"}} []
[2020-11-18 14:16:32] main.DEBUG: cache_invalidate:  {"method":"GET","url":"http:/","invalidateInfo":{"identifier":"DB_PDO_MYSQL_DDL_cataloginventory_stock_status_replica_1"}} []
[2020-11-18 14:16:32] main.DEBUG: cache_invalidate:  {"method":"GET","url":"http:/","invalidateInfo":{"identifier":"DB_PDO_MYSQL_DDL_cataloginventory_stock_status_replica_2"}} []
[2020-11-18 14:16:32] main.DEBUG: cache_invalidate:  {"method":"GET","url":"http:/","invalidateInfo":{"identifier":"DB_PDO_MYSQL_DDL_cataloginventory_stock_status_replica_3"}} []
[2020-11-18 14:16:32] main.DEBUG: cache_invalidate:  {"method":"GET","url":"http:/","invalidateInfo":{"identifier":"DB_PDO_MYSQL_DDL_cataloginventory_stock_status_replica_4"}} []
[2020-11-18 14:16:32] main.DEBUG: cache_invalidate:  {"method":"GET","url":"http:/","invalidateInfo":{"servers":["[object] (Laminas\\Uri\\Uri: http://varnish:80/)"],"formattedTagsChunk":"((^|,)cat_c(,|$))|((^|,)cat_p(,|$))"}} []
[2020-11-18 14:16:32] main.DEBUG: cache_invalidate:  {"method":"GET","url":"http:/","invalidateInfo":{"tags":["cat_c","cat_p"],"mode":"matchingAnyTag"}} []
[2020-11-18 14:16:33] main.DEBUG: cache_invalidate:  {"method":"GET","url":"http:/","invalidateInfo":{"servers":["[object] (Laminas\\Uri\\Uri: http://varnish:80/)"],"formattedTagsChunk":"((^|,)cat_c(,|$))|((^|,)cat_p(,|$))"}} []
[2020-11-18 14:16:33] main.DEBUG: cache_invalidate:  {"method":"GET","url":"http:/","invalidateInfo":{"tags":["cat_c","cat_p"],"mode":"matchingAnyTag"}} []
[2020-11-18 14:16:34] main.WARNING: Memory size allocated for the temporary table is more than 20% of innodb_buffer_pool_size. Please update innodb_buffer_pool_size or decrease batch size value (which decreases memory usages for the temporary table). Current batch size: 16667; Allocated memory size: 40000800 bytes; InnoDB buffer pool size: 134217728 bytes. [] []
[2020-11-18 14:16:34] main.DEBUG: cache_invalidate:  {"method":"GET","url":"http:/","invalidateInfo":{"identifier":"DB_PDO_MYSQL_DDL_catalog_product_index_price_1"}} []
[2020-11-18 14:16:34] main.DEBUG: cache_invalidate:  {"method":"GET","url":"http:/","invalidateInfo":{"identifier":"DB_PDO_MYSQL_DDL_catalog_product_index_price_2"}} []
[2020-11-18 14:16:34] main.DEBUG: cache_invalidate:  {"method":"GET","url":"http:/","invalidateInfo":{"identifier":"DB_PDO_MYSQL_DDL_catalog_product_index_price_3"}} []
[2020-11-18 14:16:34] main.DEBUG: cache_invalidate:  {"method":"GET","url":"http:/","invalidateInfo":{"identifier":"DB_PDO_MYSQL_DDL_catalog_product_index_price_4"}} []
[2020-11-18 14:16:34] main.DEBUG: cache_invalidate:  {"method":"GET","url":"http:/","invalidateInfo":{"identifier":"DB_PDO_MYSQL_DDL_catalog_product_index_price_outdated_1"}} []
[2020-11-18 14:16:34] main.DEBUG: cache_invalidate:  {"method":"GET","url":"http:/","invalidateInfo":{"identifier":"DB_PDO_MYSQL_DDL_catalog_product_index_price_outdated_2"}} []
[2020-11-18 14:16:34] main.DEBUG: cache_invalidate:  {"method":"GET","url":"http:/","invalidateInfo":{"identifier":"DB_PDO_MYSQL_DDL_catalog_product_index_price_outdated_3"}} []
[2020-11-18 14:16:34] main.DEBUG: cache_invalidate:  {"method":"GET","url":"http:/","invalidateInfo":{"identifier":"DB_PDO_MYSQL_DDL_catalog_product_index_price_outdated_4"}} []
[2020-11-18 14:16:34] main.DEBUG: cache_invalidate:  {"method":"GET","url":"http:/","invalidateInfo":{"identifier":"DB_PDO_MYSQL_DDL_catalog_product_index_price_replica_1"}} []
[2020-11-18 14:16:34] main.DEBUG: cache_invalidate:  {"method":"GET","url":"http:/","invalidateInfo":{"identifier":"DB_PDO_MYSQL_DDL_catalog_product_index_price_replica_2"}} []
[2020-11-18 14:16:34] main.DEBUG: cache_invalidate:  {"method":"GET","url":"http:/","invalidateInfo":{"identifier":"DB_PDO_MYSQL_DDL_catalog_product_index_price_replica_3"}} []
[2020-11-18 14:16:34] main.DEBUG: cache_invalidate:  {"method":"GET","url":"http:/","invalidateInfo":{"identifier":"DB_PDO_MYSQL_DDL_catalog_product_index_price_replica_4"}} []
[2020-11-18 14:16:34] main.DEBUG: cache_invalidate:  {"method":"GET","url":"http:/","invalidateInfo":{"servers":["[object] (Laminas\\Uri\\Uri: http://varnish:80/)"],"formattedTagsChunk":"((^|,)cat_c(,|$))|((^|,)cat_p(,|$))"}} []
[2020-11-18 14:16:34] main.DEBUG: cache_invalidate:  {"method":"GET","url":"http:/","invalidateInfo":{"tags":["cat_c","cat_p"],"mode":"matchingAnyTag"}} []
[2020-11-18 14:16:47] main.DEBUG: cache_invalidate:  {"method":"GET","url":"http:/","invalidateInfo":{"servers":["[object] (Laminas\\Uri\\Uri: http://varnish:80/)"],"formattedTagsChunk":"((^|,)cat_c(,|$))|((^|,)cat_p(,|$))"}} []
[2020-11-18 14:16:47] main.DEBUG: cache_invalidate:  {"method":"GET","url":"http:/","invalidateInfo":{"tags":["cat_c","cat_p"],"mode":"matchingAnyTag"}} []
[2020-11-18 14:16:58] main.DEBUG: cache_invalidate:  {"method":"GET","url":"http:/","invalidateInfo":{"servers":["[object] (Laminas\\Uri\\Uri: http://varnish:80/)"],"formattedTagsChunk":".*"}} []
